This is pdfTeX, Version 3.141592653-2.6-1.40.28 (TeX Live 2025) (preloaded format=pdflatex 2025.12.3)  8 DEC 2025 12:38
entering extended mode
 restricted \write18 enabled.
 %&-line parsing enabled.
**main.tex
(./main.tex
LaTeX2e <2025-11-01>
L3 programming layer <2025-11-14>
(c:/texlive/2025/texmf-dist/tex/latex/extsizes/extarticle.cls
Document Class: extarticle 1996/10/08 v1.0 Non Standard LaTeX document class
(c:/texlive/2025/texmf-dist/tex/latex/base/size10.clo
File: size10.clo 2025/01/22 v1.4n Standard LaTeX file (size option)
)
(c:/texlive/2025/texmf-dist/tex/latex/base/exscale.sty
Package: exscale 2025/06/05 v2.1i Standard LaTeX package exscale
LaTeX Font Info:    Redeclaring symbol font `largesymbols' on input line 57.
LaTeX Font Info:    Overwriting symbol font `largesymbols' in version `normal'
(Font)                  OMX/cmex/m/n --> OMX/cmex/m/n on input line 57.
LaTeX Font Info:    Overwriting symbol font `largesymbols' in version `bold'
(Font)                  OMX/cmex/m/n --> OMX/cmex/m/n on input line 57.
\big@size=\dimen148
)
\c@part=\count275
\c@section=\count276
\c@subsection=\count277
\c@subsubsection=\count278
\c@paragraph=\count279
\c@subparagraph=\count280
\c@figure=\count281
\c@table=\count282
\abovecaptionskip=\skip49
\belowcaptionskip=\skip50
\bibindent=\dimen149
)
(c:/texlive/2025/texmf-dist/tex/latex/base/inputenc.sty
Package: inputenc 2024/02/08 v1.3d Input encoding file
\inpenc@prehook=\toks17
\inpenc@posthook=\toks18
)
(c:/texlive/2025/texmf-dist/tex/generic/babel/babel.sty
Package: babel 2025/11/23 v25.16 The multilingual framework for LuaLaTeX, pdfLa
TeX and XeLaTeX
\babel@savecnt=\count283
LaTeX Encoding Info:    Redeclaring text command \ij (encoding OT1) on input li
ne 2050.
LaTeX Encoding Info:    Redeclaring text command \IJ (encoding OT1) on input li
ne 2052.
LaTeX Encoding Info:    Redeclaring text command \ij (encoding T1) on input lin
e 2054.
LaTeX Encoding Info:    Redeclaring text command \IJ (encoding T1) on input lin
e 2055.
LaTeX Encoding Info:    Ignoring declaration for text command \ij (encoding ?) 
on input line 2056.
LaTeX Encoding Info:    Ignoring declaration for text command \IJ (encoding ?) 
on input line 2058.
LaTeX Encoding Info:    Ignoring declaration for text command \SS (encoding ?) 
on input line 2083.
\U@D=\dimen150
\l@unhyphenated=\language30

(c:/texlive/2025/texmf-dist/tex/generic/babel/txtbabel.def)
\bbl@readstream=\read2
\bbl@dirlevel=\count284

(c:/texlive/2025/texmf-dist/tex/generic/babel/locale/en/babel-english.tex)
Package babel Info: Importing font and identification data for english
(babel)             from babel-en.ini. Reported on input line 4298.

(c:/texlive/2025/texmf-dist/tex/generic/babel-english/english.ldf
Language: english 2017/06/06 v3.3r English support from the babel system
Package babel Info: Hyphen rules for 'canadian' set to \l@english
(babel)             (\language0). Reported on input line 102.
Package babel Info: Hyphen rules for 'australian' set to \l@ukenglish
(babel)             (\language6). Reported on input line 105.
Package babel Info: Hyphen rules for 'newzealand' set to \l@ukenglish
(babel)             (\language6). Reported on input line 108.
))
(c:/texlive/2025/texmf-dist/tex/latex/amsmath/amsmath.sty
Package: amsmath 2025/07/09 v2.17z AMS math features
\@mathmargin=\skip51

For additional information on amsmath, use the `?' option.
(c:/texlive/2025/texmf-dist/tex/latex/amsmath/amstext.sty
Package: amstext 2024/11/17 v2.01 AMS text

(c:/texlive/2025/texmf-dist/tex/latex/amsmath/amsgen.sty
File: amsgen.sty 1999/11/30 v2.0 generic functions
\@emptytoks=\toks19
\ex@=\dimen151
))
(c:/texlive/2025/texmf-dist/tex/latex/amsmath/amsbsy.sty
Package: amsbsy 1999/11/29 v1.2d Bold Symbols
\pmbraise@=\dimen152
)
(c:/texlive/2025/texmf-dist/tex/latex/amsmath/amsopn.sty
Package: amsopn 2022/04/08 v2.04 operator names
)
\inf@bad=\count285
LaTeX Info: Redefining \frac on input line 233.
\uproot@=\count286
\leftroot@=\count287
LaTeX Info: Redefining \overline on input line 398.
LaTeX Info: Redefining \colon on input line 409.
\classnum@=\count288
\DOTSCASE@=\count289
LaTeX Info: Redefining \ldots on input line 495.
LaTeX Info: Redefining \dots on input line 498.
LaTeX Info: Redefining \cdots on input line 619.
\Mathstrutbox@=\box53
\strutbox@=\box54
LaTeX Info: Redefining \big on input line 721.
LaTeX Info: Redefining \Big on input line 722.
LaTeX Info: Redefining \bigg on input line 723.
LaTeX Info: Redefining \Bigg on input line 724.
\big@size=\dimen153
LaTeX Font Info:    Redeclaring font encoding OML on input line 742.
LaTeX Font Info:    Redeclaring font encoding OMS on input line 743.
\macc@depth=\count290
LaTeX Info: Redefining \bmod on input line 904.
LaTeX Info: Redefining \pmod on input line 909.
LaTeX Info: Redefining \smash on input line 939.
LaTeX Info: Redefining \relbar on input line 969.
LaTeX Info: Redefining \Relbar on input line 970.
\c@MaxMatrixCols=\count291
\dotsspace@=\muskip17
\c@parentequation=\count292
\dspbrk@lvl=\count293
\tag@help=\toks20
\row@=\count294
\column@=\count295
\maxfields@=\count296
\andhelp@=\toks21
\eqnshift@=\dimen154
\alignsep@=\dimen155
\tagshift@=\dimen156
\tagwidth@=\dimen157
\totwidth@=\dimen158
\lineht@=\dimen159
\@envbody=\toks22
\multlinegap=\skip52
\multlinetaggap=\skip53
\mathdisplay@stack=\toks23
LaTeX Info: Redefining \[ on input line 2950.
LaTeX Info: Redefining \] on input line 2951.
)
(c:/texlive/2025/texmf-dist/tex/latex/graphics/graphicx.sty
Package: graphicx 2024/12/31 v1.2e Enhanced LaTeX Graphics (DPC,SPQR)

(c:/texlive/2025/texmf-dist/tex/latex/graphics/keyval.sty
Package: keyval 2022/05/29 v1.15 key=value parser (DPC)
\KV@toks@=\toks24
)
(c:/texlive/2025/texmf-dist/tex/latex/graphics/graphics.sty
Package: graphics 2024/08/06 v1.4g Standard LaTeX Graphics (DPC,SPQR)

(c:/texlive/2025/texmf-dist/tex/latex/graphics/trig.sty
Package: trig 2023/12/02 v1.11 sin cos tan (DPC)
)
(c:/texlive/2025/texmf-dist/tex/latex/graphics-cfg/graphics.cfg
File: graphics.cfg 2016/06/04 v1.11 sample graphics configuration
)
Package graphics Info: Driver file: pdftex.def on input line 106.

(c:/texlive/2025/texmf-dist/tex/latex/graphics-def/pdftex.def
File: pdftex.def 2025/09/29 v1.2d Graphics/color driver for pdftex
))
\Gin@req@height=\dimen160
\Gin@req@width=\dimen161
)
(c:/texlive/2025/texmf-dist/tex/latex/pgf/frontendlayer/tikz.sty
(c:/texlive/2025/texmf-dist/tex/latex/pgf/basiclayer/pgf.sty
(c:/texlive/2025/texmf-dist/tex/latex/pgf/utilities/pgfrcs.sty
(c:/texlive/2025/texmf-dist/tex/generic/pgf/utilities/pgfutil-common.tex
\pgfutil@everybye=\toks25
\pgfutil@tempdima=\dimen162
\pgfutil@tempdimb=\dimen163
)
(c:/texlive/2025/texmf-dist/tex/generic/pgf/utilities/pgfutil-latex.def
\pgfutil@abb=\box55
)
(c:/texlive/2025/texmf-dist/tex/generic/pgf/utilities/pgfrcs.code.tex
(c:/texlive/2025/texmf-dist/tex/generic/pgf/pgf.revision.tex)
Package: pgfrcs 2025-08-29 v3.1.11a (3.1.11a)
))
Package: pgf 2025-08-29 v3.1.11a (3.1.11a)

(c:/texlive/2025/texmf-dist/tex/latex/pgf/basiclayer/pgfcore.sty
(c:/texlive/2025/texmf-dist/tex/latex/pgf/systemlayer/pgfsys.sty
(c:/texlive/2025/texmf-dist/tex/generic/pgf/systemlayer/pgfsys.code.tex
Package: pgfsys 2025-08-29 v3.1.11a (3.1.11a)

(c:/texlive/2025/texmf-dist/tex/generic/pgf/utilities/pgfkeys.code.tex
\pgfkeys@pathtoks=\toks26
\pgfkeys@temptoks=\toks27

(c:/texlive/2025/texmf-dist/tex/generic/pgf/utilities/pgfkeyslibraryfiltered.co
de.tex
\pgfkeys@tmptoks=\toks28
))
\pgf@x=\dimen164
\pgf@y=\dimen165
\pgf@xa=\dimen166
\pgf@ya=\dimen167
\pgf@xb=\dimen168
\pgf@yb=\dimen169
\pgf@xc=\dimen170
\pgf@yc=\dimen171
\pgf@xd=\dimen172
\pgf@yd=\dimen173
\w@pgf@writea=\write3
\r@pgf@reada=\read3
\c@pgf@counta=\count297
\c@pgf@countb=\count298
\c@pgf@countc=\count299
\c@pgf@countd=\count300
\t@pgf@toka=\toks29
\t@pgf@tokb=\toks30
\t@pgf@tokc=\toks31
\pgf@sys@id@count=\count301
 (c:/texlive/2025/texmf-dist/tex/generic/pgf/systemlayer/pgf.cfg
File: pgf.cfg 2025-08-29 v3.1.11a (3.1.11a)
)
Driver file for pgf: pgfsys-pdftex.def

(c:/texlive/2025/texmf-dist/tex/generic/pgf/systemlayer/pgfsys-pdftex.def
File: pgfsys-pdftex.def 2025-08-29 v3.1.11a (3.1.11a)

(c:/texlive/2025/texmf-dist/tex/generic/pgf/systemlayer/pgfsys-common-pdf.def
File: pgfsys-common-pdf.def 2025-08-29 v3.1.11a (3.1.11a)
)))
(c:/texlive/2025/texmf-dist/tex/generic/pgf/systemlayer/pgfsyssoftpath.code.tex
File: pgfsyssoftpath.code.tex 2025-08-29 v3.1.11a (3.1.11a)
\pgfsyssoftpath@smallbuffer@items=\count302
\pgfsyssoftpath@bigbuffer@items=\count303
)
(c:/texlive/2025/texmf-dist/tex/generic/pgf/systemlayer/pgfsysprotocol.code.tex
File: pgfsysprotocol.code.tex 2025-08-29 v3.1.11a (3.1.11a)
)) (c:/texlive/2025/texmf-dist/tex/latex/xcolor/xcolor.sty
Package: xcolor 2024/09/29 v3.02 LaTeX color extensions (UK)

(c:/texlive/2025/texmf-dist/tex/latex/graphics-cfg/color.cfg
File: color.cfg 2016/01/02 v1.6 sample color configuration
)
Package xcolor Info: Driver file: pdftex.def on input line 274.

(c:/texlive/2025/texmf-dist/tex/latex/graphics/mathcolor.ltx)
Package xcolor Info: Model `cmy' substituted by `cmy0' on input line 1349.
Package xcolor Info: Model `hsb' substituted by `rgb' on input line 1353.
Package xcolor Info: Model `RGB' extended on input line 1365.
Package xcolor Info: Model `HTML' substituted by `rgb' on input line 1367.
Package xcolor Info: Model `Hsb' substituted by `hsb' on input line 1368.
Package xcolor Info: Model `tHsb' substituted by `hsb' on input line 1369.
Package xcolor Info: Model `HSB' substituted by `hsb' on input line 1370.
Package xcolor Info: Model `Gray' substituted by `gray' on input line 1371.
Package xcolor Info: Model `wave' substituted by `hsb' on input line 1372.
)
(c:/texlive/2025/texmf-dist/tex/generic/pgf/basiclayer/pgfcore.code.tex
Package: pgfcore 2025-08-29 v3.1.11a (3.1.11a)

(c:/texlive/2025/texmf-dist/tex/generic/pgf/math/pgfmath.code.tex
(c:/texlive/2025/texmf-dist/tex/generic/pgf/math/pgfmathutil.code.tex)
(c:/texlive/2025/texmf-dist/tex/generic/pgf/math/pgfmathparser.code.tex
\pgfmath@dimen=\dimen174
\pgfmath@count=\count304
\pgfmath@box=\box56
\pgfmath@toks=\toks32
\pgfmath@stack@operand=\toks33
\pgfmath@stack@operation=\toks34
)
(c:/texlive/2025/texmf-dist/tex/generic/pgf/math/pgfmathfunctions.code.tex)
(c:/texlive/2025/texmf-dist/tex/generic/pgf/math/pgfmathfunctions.basic.code.te
x)
(c:/texlive/2025/texmf-dist/tex/generic/pgf/math/pgfmathfunctions.trigonometric
.code.tex)
(c:/texlive/2025/texmf-dist/tex/generic/pgf/math/pgfmathfunctions.random.code.t
ex)
(c:/texlive/2025/texmf-dist/tex/generic/pgf/math/pgfmathfunctions.comparison.co
de.tex)
(c:/texlive/2025/texmf-dist/tex/generic/pgf/math/pgfmathfunctions.base.code.tex
)
(c:/texlive/2025/texmf-dist/tex/generic/pgf/math/pgfmathfunctions.round.code.te
x)
(c:/texlive/2025/texmf-dist/tex/generic/pgf/math/pgfmathfunctions.misc.code.tex
)
(c:/texlive/2025/texmf-dist/tex/generic/pgf/math/pgfmathfunctions.integerarithm
etics.code.tex)
(c:/texlive/2025/texmf-dist/tex/generic/pgf/math/pgfmathcalc.code.tex)
(c:/texlive/2025/texmf-dist/tex/generic/pgf/math/pgfmathfloat.code.tex
\c@pgfmathroundto@lastzeros=\count305
))
(c:/texlive/2025/texmf-dist/tex/generic/pgf/math/pgfint.code.tex)
(c:/texlive/2025/texmf-dist/tex/generic/pgf/basiclayer/pgfcorepoints.code.tex
File: pgfcorepoints.code.tex 2025-08-29 v3.1.11a (3.1.11a)
\pgf@picminx=\dimen175
\pgf@picmaxx=\dimen176
\pgf@picminy=\dimen177
\pgf@picmaxy=\dimen178
\pgf@pathminx=\dimen179
\pgf@pathmaxx=\dimen180
\pgf@pathminy=\dimen181
\pgf@pathmaxy=\dimen182
\pgf@xx=\dimen183
\pgf@xy=\dimen184
\pgf@yx=\dimen185
\pgf@yy=\dimen186
\pgf@zx=\dimen187
\pgf@zy=\dimen188
)
(c:/texlive/2025/texmf-dist/tex/generic/pgf/basiclayer/pgfcorepathconstruct.cod
e.tex
File: pgfcorepathconstruct.code.tex 2025-08-29 v3.1.11a (3.1.11a)
\pgf@path@lastx=\dimen189
\pgf@path@lasty=\dimen190
)
(c:/texlive/2025/texmf-dist/tex/generic/pgf/basiclayer/pgfcorepathusage.code.te
x
File: pgfcorepathusage.code.tex 2025-08-29 v3.1.11a (3.1.11a)
\pgf@shorten@end@additional=\dimen191
\pgf@shorten@start@additional=\dimen192
)
(c:/texlive/2025/texmf-dist/tex/generic/pgf/basiclayer/pgfcorescopes.code.tex
File: pgfcorescopes.code.tex 2025-08-29 v3.1.11a (3.1.11a)
\pgfpic=\box57
\pgf@hbox=\box58
\pgf@layerbox@main=\box59
\pgf@picture@serial@count=\count306
)
(c:/texlive/2025/texmf-dist/tex/generic/pgf/basiclayer/pgfcoregraphicstate.code
.tex
File: pgfcoregraphicstate.code.tex 2025-08-29 v3.1.11a (3.1.11a)
\pgflinewidth=\dimen193
)
(c:/texlive/2025/texmf-dist/tex/generic/pgf/basiclayer/pgfcoretransformations.c
ode.tex
File: pgfcoretransformations.code.tex 2025-08-29 v3.1.11a (3.1.11a)
\pgf@pt@x=\dimen194
\pgf@pt@y=\dimen195
\pgf@pt@temp=\dimen196
)
(c:/texlive/2025/texmf-dist/tex/generic/pgf/basiclayer/pgfcorequick.code.tex
File: pgfcorequick.code.tex 2025-08-29 v3.1.11a (3.1.11a)
)
(c:/texlive/2025/texmf-dist/tex/generic/pgf/basiclayer/pgfcoreobjects.code.tex
File: pgfcoreobjects.code.tex 2025-08-29 v3.1.11a (3.1.11a)
)
(c:/texlive/2025/texmf-dist/tex/generic/pgf/basiclayer/pgfcorepathprocessing.co
de.tex
File: pgfcorepathprocessing.code.tex 2025-08-29 v3.1.11a (3.1.11a)
)
(c:/texlive/2025/texmf-dist/tex/generic/pgf/basiclayer/pgfcorearrows.code.tex
File: pgfcorearrows.code.tex 2025-08-29 v3.1.11a (3.1.11a)
\pgfarrowsep=\dimen197
)
(c:/texlive/2025/texmf-dist/tex/generic/pgf/basiclayer/pgfcoreshade.code.tex
File: pgfcoreshade.code.tex 2025-08-29 v3.1.11a (3.1.11a)
\pgf@max=\dimen198
\pgf@sys@shading@range@num=\count307
\pgf@shadingcount=\count308
)
(c:/texlive/2025/texmf-dist/tex/generic/pgf/basiclayer/pgfcoreimage.code.tex
File: pgfcoreimage.code.tex 2025-08-29 v3.1.11a (3.1.11a)
)
(c:/texlive/2025/texmf-dist/tex/generic/pgf/basiclayer/pgfcoreexternal.code.tex
File: pgfcoreexternal.code.tex 2025-08-29 v3.1.11a (3.1.11a)
\pgfexternal@startupbox=\box60
) (c:/texlive/2025/texmf-dist/tex/generic/pgf/basiclayer/pgfcorelayers.code.tex
File: pgfcorelayers.code.tex 2025-08-29 v3.1.11a (3.1.11a)
)
(c:/texlive/2025/texmf-dist/tex/generic/pgf/basiclayer/pgfcoretransparency.code
.tex
File: pgfcoretransparency.code.tex 2025-08-29 v3.1.11a (3.1.11a)
)
(c:/texlive/2025/texmf-dist/tex/generic/pgf/basiclayer/pgfcorepatterns.code.tex
File: pgfcorepatterns.code.tex 2025-08-29 v3.1.11a (3.1.11a)
) (c:/texlive/2025/texmf-dist/tex/generic/pgf/basiclayer/pgfcorerdf.code.tex
File: pgfcorerdf.code.tex 2025-08-29 v3.1.11a (3.1.11a)
))) (c:/texlive/2025/texmf-dist/tex/generic/pgf/modules/pgfmoduleshapes.code.te
x
File: pgfmoduleshapes.code.tex 2025-08-29 v3.1.11a (3.1.11a)
\pgfnodeparttextbox=\box61
)
(c:/texlive/2025/texmf-dist/tex/generic/pgf/modules/pgfmoduleplot.code.tex
File: pgfmoduleplot.code.tex 2025-08-29 v3.1.11a (3.1.11a)
)
(c:/texlive/2025/texmf-dist/tex/latex/pgf/compatibility/pgfcomp-version-0-65.st
y
Package: pgfcomp-version-0-65 2025-08-29 v3.1.11a (3.1.11a)
\pgf@nodesepstart=\dimen199
\pgf@nodesepend=\dimen256
)
(c:/texlive/2025/texmf-dist/tex/latex/pgf/compatibility/pgfcomp-version-1-18.st
y
Package: pgfcomp-version-1-18 2025-08-29 v3.1.11a (3.1.11a)
)) (c:/texlive/2025/texmf-dist/tex/latex/pgf/utilities/pgffor.sty
(c:/texlive/2025/texmf-dist/tex/latex/pgf/utilities/pgfkeys.sty
(c:/texlive/2025/texmf-dist/tex/generic/pgf/utilities/pgfkeys.code.tex))
(c:/texlive/2025/texmf-dist/tex/latex/pgf/math/pgfmath.sty
(c:/texlive/2025/texmf-dist/tex/generic/pgf/math/pgfmath.code.tex))
(c:/texlive/2025/texmf-dist/tex/generic/pgf/utilities/pgffor.code.tex
Package: pgffor 2025-08-29 v3.1.11a (3.1.11a)
\pgffor@iter=\dimen257
\pgffor@skip=\dimen258
\pgffor@stack=\toks35
\pgffor@toks=\toks36
))
(c:/texlive/2025/texmf-dist/tex/generic/pgf/frontendlayer/tikz/tikz.code.tex
Package: tikz 2025-08-29 v3.1.11a (3.1.11a)

(c:/texlive/2025/texmf-dist/tex/generic/pgf/libraries/pgflibraryplothandlers.co
de.tex
File: pgflibraryplothandlers.code.tex 2025-08-29 v3.1.11a (3.1.11a)
\pgf@plot@mark@count=\count309
\pgfplotmarksize=\dimen259
)
\tikz@lastx=\dimen260
\tikz@lasty=\dimen261
\tikz@lastxsaved=\dimen262
\tikz@lastysaved=\dimen263
\tikz@lastmovetox=\dimen264
\tikz@lastmovetoy=\dimen265
\tikzleveldistance=\dimen266
\tikzsiblingdistance=\dimen267
\tikz@figbox=\box62
\tikz@figbox@bg=\box63
\tikz@tempbox=\box64
\tikz@tempbox@bg=\box65
\tikztreelevel=\count310
\tikznumberofchildren=\count311
\tikznumberofcurrentchild=\count312
\tikz@fig@count=\count313

(c:/texlive/2025/texmf-dist/tex/generic/pgf/modules/pgfmodulematrix.code.tex
File: pgfmodulematrix.code.tex 2025-08-29 v3.1.11a (3.1.11a)
\pgfmatrixcurrentrow=\count314
\pgfmatrixcurrentcolumn=\count315
\pgf@matrix@numberofcolumns=\count316
)
\tikz@expandcount=\count317

(c:/texlive/2025/texmf-dist/tex/generic/pgf/frontendlayer/tikz/libraries/tikzli
brarytopaths.code.tex
File: tikzlibrarytopaths.code.tex 2025-08-29 v3.1.11a (3.1.11a)
)))
(c:/texlive/2025/texmf-dist/tex/latex/geometry/geometry.sty
Package: geometry 2020/01/02 v5.9 Page Geometry

(c:/texlive/2025/texmf-dist/tex/generic/iftex/ifvtex.sty
Package: ifvtex 2019/10/25 v1.7 ifvtex legacy package. Use iftex instead.

(c:/texlive/2025/texmf-dist/tex/generic/iftex/iftex.sty
Package: iftex 2024/12/12 v1.0g TeX engine tests
))
\Gm@cnth=\count318
\Gm@cntv=\count319
\c@Gm@tempcnt=\count320
\Gm@bindingoffset=\dimen268
\Gm@wd@mp=\dimen269
\Gm@odd@mp=\dimen270
\Gm@even@mp=\dimen271
\Gm@layoutwidth=\dimen272
\Gm@layoutheight=\dimen273
\Gm@layouthoffset=\dimen274
\Gm@layoutvoffset=\dimen275
\Gm@dimlist=\toks37
)
(c:/texlive/2025/texmf-dist/tex/latex/tools/array.sty
Package: array 2025/09/25 v2.6n Tabular extension package (FMi)
\col@sep=\dimen276
\ar@mcellbox=\box66
\extrarowheight=\dimen277
\NC@list=\toks38
\extratabsurround=\skip54
\backup@length=\skip55
\ar@cellbox=\box67
)
(c:/texlive/2025/texmf-dist/tex/latex/fancyhdr/fancyhdr.sty
Package: fancyhdr 2025/02/07 v5.2 Extensive control of page headers and footers

\f@nch@headwidth=\skip56
\f@nch@offset@elh=\skip57
\f@nch@offset@erh=\skip58
\f@nch@offset@olh=\skip59
\f@nch@offset@orh=\skip60
\f@nch@offset@elf=\skip61
\f@nch@offset@erf=\skip62
\f@nch@offset@olf=\skip63
\f@nch@offset@orf=\skip64
\f@nch@height=\skip65
\f@nch@footalignment=\skip66
\f@nch@widthL=\skip67
\f@nch@widthC=\skip68
\f@nch@widthR=\skip69
\@temptokenb=\toks39
)
(c:/texlive/2025/texmf-dist/tex/latex/hyperref/hyperref.sty
Package: hyperref 2025-07-12 v7.01o Hypertext links for LaTeX

(c:/texlive/2025/texmf-dist/tex/latex/kvsetkeys/kvsetkeys.sty
Package: kvsetkeys 2022-10-05 v1.19 Key value parser (HO)
)
(c:/texlive/2025/texmf-dist/tex/generic/kvdefinekeys/kvdefinekeys.sty
Package: kvdefinekeys 2019-12-19 v1.6 Define keys (HO)
)
(c:/texlive/2025/texmf-dist/tex/generic/pdfescape/pdfescape.sty
Package: pdfescape 2019/12/09 v1.15 Implements pdfTeX's escape features (HO)

(c:/texlive/2025/texmf-dist/tex/generic/ltxcmds/ltxcmds.sty
Package: ltxcmds 2023-12-04 v1.26 LaTeX kernel commands for general use (HO)
)
(c:/texlive/2025/texmf-dist/tex/generic/pdftexcmds/pdftexcmds.sty
Package: pdftexcmds 2020-06-27 v0.33 Utility functions of pdfTeX for LuaTeX (HO
)

(c:/texlive/2025/texmf-dist/tex/generic/infwarerr/infwarerr.sty
Package: infwarerr 2019/12/03 v1.5 Providing info/warning/error messages (HO)
)
Package pdftexcmds Info: \pdf@primitive is available.
Package pdftexcmds Info: \pdf@ifprimitive is available.
Package pdftexcmds Info: \pdfdraftmode found.
))
(c:/texlive/2025/texmf-dist/tex/latex/hycolor/hycolor.sty
Package: hycolor 2020-01-27 v1.10 Color options for hyperref/bookmark (HO)
)
(c:/texlive/2025/texmf-dist/tex/latex/hyperref/nameref.sty
Package: nameref 2025-06-21 v2.57 Cross-referencing by name of section

(c:/texlive/2025/texmf-dist/tex/latex/refcount/refcount.sty
Package: refcount 2019/12/15 v3.6 Data extraction from label references (HO)
)
(c:/texlive/2025/texmf-dist/tex/generic/gettitlestring/gettitlestring.sty
Package: gettitlestring 2019/12/15 v1.6 Cleanup title references (HO)

(c:/texlive/2025/texmf-dist/tex/latex/kvoptions/kvoptions.sty
Package: kvoptions 2022-06-15 v3.15 Key value format for package options (HO)
))
\c@section@level=\count321
)
(c:/texlive/2025/texmf-dist/tex/latex/etoolbox/etoolbox.sty
Package: etoolbox 2025/10/02 v2.5m e-TeX tools for LaTeX (JAW)
\etb@tempcnta=\count322
)
(c:/texlive/2025/texmf-dist/tex/generic/stringenc/stringenc.sty
Package: stringenc 2019/11/29 v1.12 Convert strings between diff. encodings (HO
)
)
\@linkdim=\dimen278
\Hy@linkcounter=\count323
\Hy@pagecounter=\count324

(c:/texlive/2025/texmf-dist/tex/latex/hyperref/pd1enc.def
File: pd1enc.def 2025-07-12 v7.01o Hyperref: PDFDocEncoding definition (HO)
Now handling font encoding PD1 ...
... no UTF-8 mapping file for font encoding PD1
)
(c:/texlive/2025/texmf-dist/tex/generic/intcalc/intcalc.sty
Package: intcalc 2019/12/15 v1.3 Expandable calculations with integers (HO)
)
\Hy@SavedSpaceFactor=\count325

(c:/texlive/2025/texmf-dist/tex/latex/hyperref/puenc.def
File: puenc.def 2025-07-12 v7.01o Hyperref: PDF Unicode definition (HO)
Now handling font encoding PU ...
... no UTF-8 mapping file for font encoding PU
)
Package hyperref Info: Hyper figures OFF on input line 4195.
Package hyperref Info: Link nesting OFF on input line 4200.
Package hyperref Info: Hyper index ON on input line 4203.
Package hyperref Info: Plain pages OFF on input line 4210.
Package hyperref Info: Backreferencing OFF on input line 4215.
Package hyperref Info: Implicit mode ON; LaTeX internals redefined.
Package hyperref Info: Bookmarks ON on input line 4462.
\c@Hy@tempcnt=\count326

(c:/texlive/2025/texmf-dist/tex/latex/url/url.sty
\Urlmuskip=\muskip18
Package: url 2013/09/16  ver 3.4  Verb mode for urls, etc.
)
LaTeX Info: Redefining \url on input line 4801.
\XeTeXLinkMargin=\dimen279

(c:/texlive/2025/texmf-dist/tex/generic/bitset/bitset.sty
Package: bitset 2019/12/09 v1.3 Handle bit-vector datatype (HO)

(c:/texlive/2025/texmf-dist/tex/generic/bigintcalc/bigintcalc.sty
Package: bigintcalc 2019/12/15 v1.5 Expandable calculations on big integers (HO
)
))
\Fld@menulength=\count327
\Field@Width=\dimen280
\Fld@charsize=\dimen281
Package hyperref Info: Hyper figures OFF on input line 6078.
Package hyperref Info: Link nesting OFF on input line 6083.
Package hyperref Info: Hyper index ON on input line 6086.
Package hyperref Info: backreferencing OFF on input line 6093.
Package hyperref Info: Link coloring OFF on input line 6098.
Package hyperref Info: Link coloring with OCG OFF on input line 6103.
Package hyperref Info: PDF/A mode OFF on input line 6108.
\Hy@abspage=\count328
\c@Item=\count329
\c@Hfootnote=\count330
)
Package hyperref Info: Driver (autodetected): hpdftex.

(c:/texlive/2025/texmf-dist/tex/latex/hyperref/hpdftex.def
File: hpdftex.def 2025-07-12 v7.01o Hyperref driver for pdfTeX
\Fld@listcount=\count331
\c@bookmark@seq@number=\count332

(c:/texlive/2025/texmf-dist/tex/latex/rerunfilecheck/rerunfilecheck.sty
Package: rerunfilecheck 2025-06-21 v1.11 Rerun checks for auxiliary files (HO)

(c:/texlive/2025/texmf-dist/tex/generic/uniquecounter/uniquecounter.sty
Package: uniquecounter 2019/12/15 v1.4 Provide unlimited unique counter (HO)
)
Package uniquecounter Info: New unique counter `rerunfilecheck' on input line 2
84.
)
\Hy@SectionHShift=\skip70
)
(c:/texlive/2025/texmf-dist/tex/latex/amsfonts/amssymb.sty
Package: amssymb 2013/01/14 v3.01 AMS font symbols

(c:/texlive/2025/texmf-dist/tex/latex/amsfonts/amsfonts.sty
Package: amsfonts 2013/01/14 v3.01 Basic AMSFonts support
\symAMSa=\mathgroup4
\symAMSb=\mathgroup5
LaTeX Font Info:    Redeclaring math symbol \hbar on input line 98.
LaTeX Font Info:    Overwriting math alphabet `\mathfrak' in version `bold'
(Font)                  U/euf/m/n --> U/euf/b/n on input line 106.
))
(c:/texlive/2025/texmf-dist/tex/latex/listings/listings.sty
\lst@mode=\count333
\lst@gtempboxa=\box68
\lst@token=\toks40
\lst@length=\count334
\lst@currlwidth=\dimen282
\lst@column=\count335
\lst@pos=\count336
\lst@lostspace=\dimen283
\lst@width=\dimen284
\lst@newlines=\count337
\lst@lineno=\count338
\lst@maxwidth=\dimen285

(c:/texlive/2025/texmf-dist/tex/latex/listings/lstpatch.sty
File: lstpatch.sty 2025/11/14 1.11b (Carsten Heinz)
)
(c:/texlive/2025/texmf-dist/tex/latex/listings/lstmisc.sty
File: lstmisc.sty 2025/11/14 1.11b (Carsten Heinz)
\c@lstnumber=\count339
\lst@skipnumbers=\count340
\lst@framebox=\box69
)
(c:/texlive/2025/texmf-dist/tex/latex/listings/listings.cfg
File: listings.cfg 2025/11/14 1.11b listings configuration
))
Package: listings 2025/11/14 1.11b (Carsten Heinz)

==> First Aid for listings.sty no longer applied!
    Expected:
        2024/09/23 1.10c (Carsten Heinz)
    but found:
        2025/11/14 1.11b (Carsten Heinz)
    so I'm assuming it got fixed.
(c:/texlive/2025/texmf-dist/tex/latex/csvsimple/csvsimple.sty
Package: csvsimple 2024/09/27 v2.7.0 LaTeX CSV file processing
)
(c:/texlive/2025/texmf-dist/tex/latex/csvsimple/csvsimple-legacy.sty
Package: csvsimple-legacy 2024/09/27 version 2.7.0 LaTeX2e CSV file processing

(c:/texlive/2025/texmf-dist/tex/latex/base/ifthen.sty
Package: ifthen 2024/03/16 v1.1e Standard LaTeX ifthen package (DPC)
)
(c:/texlive/2025/texmf-dist/tex/latex/tools/shellesc.sty
Package: shellesc 2023/07/08 v1.0d unified shell escape interface for LaTeX
Package shellesc Info: Restricted shell escape enabled on input line 77.
)
\csv@file=\read4
\c@csvinputline=\count341
\c@csvrow=\count342
\c@csvcol=\count343
\csv@out=\write4
)
(c:/texlive/2025/texmf-dist/tex/latex/base/fontenc.sty
Package: fontenc 2025/07/18 v2.1d Standard LaTeX package
)
(c:/texlive/2025/texmf-dist/tex/latex/ragged2e/ragged2e.sty
Package: ragged2e 2023/06/22 v3.6 ragged2e Package
\CenteringLeftskip=\skip71
\RaggedLeftLeftskip=\skip72
\RaggedRightLeftskip=\skip73
\CenteringRightskip=\skip74
\RaggedLeftRightskip=\skip75
\RaggedRightRightskip=\skip76
\CenteringParfillskip=\skip77
\RaggedLeftParfillskip=\skip78
\RaggedRightParfillskip=\skip79
\JustifyingParfillskip=\skip80
\CenteringParindent=\skip81
\RaggedLeftParindent=\skip82
\RaggedRightParindent=\skip83
\JustifyingParindent=\skip84
)
(c:/texlive/2025/texmf-dist/tex/latex/biblatex/biblatex.sty
Package: biblatex 2025/07/10 v3.21 programmable bibliographies (PK/MW)

(c:/texlive/2025/texmf-dist/tex/latex/logreq/logreq.sty
Package: logreq 2010/08/04 v1.0 xml request logger
\lrq@indent=\count344

(c:/texlive/2025/texmf-dist/tex/latex/logreq/logreq.def
File: logreq.def 2010/08/04 v1.0 logreq spec v1.0
))
\c@tabx@nest=\count345
\c@listtotal=\count346
\c@listcount=\count347
\c@liststart=\count348
\c@liststop=\count349
\c@citecount=\count350
\c@citetotal=\count351
\c@multicitecount=\count352
\c@multicitetotal=\count353
\c@instcount=\count354
\c@maxnames=\count355
\c@minnames=\count356
\c@maxitems=\count357
\c@minitems=\count358
\c@citecounter=\count359
\c@maxcitecounter=\count360
\c@savedcitecounter=\count361
\c@uniquelist=\count362
\c@uniquename=\count363
\c@refsection=\count364
\c@refsegment=\count365
\c@maxextratitle=\count366
\c@maxextratitleyear=\count367
\c@maxextraname=\count368
\c@maxextradate=\count369
\c@maxextraalpha=\count370
\c@abbrvpenalty=\count371
\c@highnamepenalty=\count372
\c@lownamepenalty=\count373
\c@maxparens=\count374
\c@parenlevel=\count375
\blx@tempcnta=\count376
\blx@tempcntb=\count377
\blx@tempcntc=\count378
\c@blx@maxsection=\count379
\blx@maxsegment@0=\count380
\blx@notetype=\count381
\blx@parenlevel@text=\count382
\blx@parenlevel@foot=\count383
\blx@sectionciteorder@0=\count384
\blx@sectionciteorderinternal@0=\count385
\blx@entrysetcounter=\count386
\blx@biblioinstance=\count387
\labelnumberwidth=\skip85
\labelalphawidth=\skip86
\biblabelsep=\skip87
\bibitemsep=\skip88
\bibnamesep=\skip89
\bibinitsep=\skip90
\bibparsep=\skip91
\bibhang=\skip92
\blx@bcfin=\read5
\blx@bcfout=\write5
\blx@langwohyphens=\language31
\c@mincomprange=\count388
\c@maxcomprange=\count389
\c@mincompwidth=\count390
Package biblatex Info: Trying to load biblatex default data model...
Package biblatex Info: ... file 'blx-dm.def' found.

(c:/texlive/2025/texmf-dist/tex/latex/biblatex/blx-dm.def
File: blx-dm.def 2025/07/10 v3.21 biblatex datamodel (PK/MW)
)
Package biblatex Info: Trying to load biblatex style data model...
Package biblatex Info: ... file 'numeric.dbx' not found.
Package biblatex Info: Trying to load biblatex custom data model...
Package biblatex Info: ... file 'biblatex-dm.cfg' not found.
\c@afterword=\count391
\c@savedafterword=\count392
\c@annotator=\count393
\c@savedannotator=\count394
\c@author=\count395
\c@savedauthor=\count396
\c@bookauthor=\count397
\c@savedbookauthor=\count398
\c@commentator=\count399
\c@savedcommentator=\count400
\c@editor=\count401
\c@savededitor=\count402
\c@editora=\count403
\c@savededitora=\count404
\c@editorb=\count405
\c@savededitorb=\count406
\c@editorc=\count407
\c@savededitorc=\count408
\c@foreword=\count409
\c@savedforeword=\count410
\c@holder=\count411
\c@savedholder=\count412
\c@introduction=\count413
\c@savedintroduction=\count414
\c@namea=\count415
\c@savednamea=\count416
\c@nameb=\count417
\c@savednameb=\count418
\c@namec=\count419
\c@savednamec=\count420
\c@translator=\count421
\c@savedtranslator=\count422
\c@shortauthor=\count423
\c@savedshortauthor=\count424
\c@shorteditor=\count425
\c@savedshorteditor=\count426
\c@labelname=\count427
\c@savedlabelname=\count428
\c@institution=\count429
\c@savedinstitution=\count430
\c@lista=\count431
\c@savedlista=\count432
\c@listb=\count433
\c@savedlistb=\count434
\c@listc=\count435
\c@savedlistc=\count436
\c@listd=\count437
\c@savedlistd=\count438
\c@liste=\count439
\c@savedliste=\count440
\c@listf=\count441
\c@savedlistf=\count442
\c@location=\count443
\c@savedlocation=\count444
\c@organization=\count445
\c@savedorganization=\count446
\c@origlocation=\count447
\c@savedoriglocation=\count448
\c@origpublisher=\count449
\c@savedorigpublisher=\count450
\c@publisher=\count451
\c@savedpublisher=\count452
\c@language=\count453
\c@savedlanguage=\count454
\c@origlanguage=\count455
\c@savedoriglanguage=\count456
\c@pageref=\count457
\c@savedpageref=\count458
\shorthandwidth=\skip93
\shortjournalwidth=\skip94
\shortserieswidth=\skip95
\shorttitlewidth=\skip96
\shortauthorwidth=\skip97
\shorteditorwidth=\skip98
\locallabelnumberwidth=\skip99
\locallabelalphawidth=\skip100
\localshorthandwidth=\skip101
\localshortjournalwidth=\skip102
\localshortserieswidth=\skip103
\localshorttitlewidth=\skip104
\localshortauthorwidth=\skip105
\localshorteditorwidth=\skip106
Package biblatex Info: Trying to load compatibility code...
Package biblatex Info: ... file 'blx-compat.def' found.

(c:/texlive/2025/texmf-dist/tex/latex/biblatex/blx-compat.def
File: blx-compat.def 2025/07/10 v3.21 biblatex compatibility (PK/MW)
)
Package biblatex Info: Trying to load generic definitions...
Package biblatex Info: ... file 'biblatex.def' found.

(c:/texlive/2025/texmf-dist/tex/latex/biblatex/biblatex.def
File: biblatex.def 2025/07/10 v3.21 biblatex compatibility (PK/MW)
\c@textcitecount=\count459
\c@textcitetotal=\count460
\c@textcitemaxnames=\count461
\c@biburlbigbreakpenalty=\count462
\c@biburlbreakpenalty=\count463
\c@biburlnumpenalty=\count464
\c@biburlucpenalty=\count465
\c@biburllcpenalty=\count466
\biburlbigskip=\muskip19
\biburlnumskip=\muskip20
\biburlucskip=\muskip21
\biburllcskip=\muskip22
\c@smartand=\count467
)
Package biblatex Info: Trying to load bibliography style 'numeric'...
Package biblatex Info: ... file 'numeric.bbx' found.

(c:/texlive/2025/texmf-dist/tex/latex/biblatex/bbx/numeric.bbx
File: numeric.bbx 2025/07/10 v3.21 biblatex bibliography style (PK/MW)
Package biblatex Info: Trying to load bibliography style 'standard'...
Package biblatex Info: ... file 'standard.bbx' found.

(c:/texlive/2025/texmf-dist/tex/latex/biblatex/bbx/standard.bbx
File: standard.bbx 2025/07/10 v3.21 biblatex bibliography style (PK/MW)
\c@bbx:relatedcount=\count468
\c@bbx:relatedtotal=\count469
))
Package biblatex Info: Trying to load citation style 'numeric'...
Package biblatex Info: ... file 'numeric.cbx' found.

(c:/texlive/2025/texmf-dist/tex/latex/biblatex/cbx/numeric.cbx
File: numeric.cbx 2025/07/10 v3.21 biblatex citation style (PK/MW)
Package biblatex Info: Redefining '\cite'.
Package biblatex Info: Redefining '\parencite'.
Package biblatex Info: Redefining '\footcite'.
Package biblatex Info: Redefining '\footcitetext'.
Package biblatex Info: Redefining '\smartcite'.
Package biblatex Info: Redefining '\supercite'.
Package biblatex Info: Redefining '\textcite'.
Package biblatex Info: Redefining '\textcites'.
Package biblatex Info: Redefining '\cites'.
Package biblatex Info: Redefining '\parencites'.
Package biblatex Info: Redefining '\smartcites'.
)
Package biblatex Info: Trying to load configuration file...
Package biblatex Info: ... file 'biblatex.cfg' found.

(c:/texlive/2025/texmf-dist/tex/latex/biblatex/biblatex.cfg
File: biblatex.cfg 
)
Package biblatex Info: Input encoding 'utf8' detected.
Package biblatex Info: Document encoding is UTF8 ....

(c:/texlive/2025/texmf-dist/tex/latex/l3kernel/expl3.sty
Package: expl3 2025-11-14 L3 programming layer (loader) 

(c:/texlive/2025/texmf-dist/tex/latex/l3backend/l3backend-pdftex.def
File: l3backend-pdftex.def 2025-10-09 L3 backend support: PDF output (pdfTeX)
\l__color_backend_stack_int=\count470
))
Package biblatex Info: ... and expl3
(biblatex)             2025-11-14 L3 programming layer (loader) 
(biblatex)             is new enough (at least 2020/04/06),
(biblatex)             setting 'casechanger=expl3'.

(c:/texlive/2025/texmf-dist/tex/latex/biblatex/blx-case-expl3.sty
(c:/texlive/2025/texmf-dist/tex/latex/l3packages/xparse/xparse.sty
Package: xparse 2025-10-09 L3 Experimental document command parser
)
Package: blx-case-expl3 2025/07/10 v3.21 expl3 case changing code for biblatex
))
(c:/texlive/2025/texmf-dist/tex/latex/setspace/setspace.sty
Package: setspace 2022/12/04 v6.7b set line spacing
)
(c:/texlive/2025/texmf-dist/tex/latex/algorithms/algorithm.sty
Package: algorithm 2009/08/24 v0.1 Document Style `algorithm' - floating enviro
nment

(c:/texlive/2025/texmf-dist/tex/latex/float/float.sty
Package: float 2001/11/08 v1.3d Float enhancements (AL)
\c@float@type=\count471
\float@exts=\toks41
\float@box=\box70
\@float@everytoks=\toks42
\@floatcapt=\box71
)
\@float@every@algorithm=\toks43
\c@algorithm=\count472
)
(c:/texlive/2025/texmf-dist/tex/latex/pgfplots/pgfplots.sty
(c:/texlive/2025/texmf-dist/tex/generic/pgfplots/pgfplots.revision.tex)
Package: pgfplots 2025/08/14 v1.18.2 Data Visualization (1.18.2)

(c:/texlive/2025/texmf-dist/tex/generic/pgfplots/pgfplots.code.tex
(c:/texlive/2025/texmf-dist/tex/generic/pgfplots/pgfplotscore.code.tex
\t@pgfplots@toka=\toks44
\t@pgfplots@tokb=\toks45
\t@pgfplots@tokc=\toks46
\pgfplots@tmpa=\dimen286
\c@pgfplots@coordindex=\count473
\c@pgfplots@scanlineindex=\count474

(c:/texlive/2025/texmf-dist/tex/generic/pgfplots/sys/pgfplotssysgeneric.code.te
x))
(c:/texlive/2025/texmf-dist/tex/generic/pgfplots/libs/pgfplotslibrary.code.tex)

(c:/texlive/2025/texmf-dist/tex/generic/pgfplots/oldpgfcompatib/pgfplotsoldpgfs
upp_loader.code.tex
(c:/texlive/2025/texmf-dist/tex/generic/pgf/libraries/pgflibraryfpu.code.tex)
(c:/texlive/2025/texmf-dist/tex/generic/pgfplots/oldpgfcompatib/pgfplotsoldpgfs
upp_pgfutil-common-lists.tex))
(c:/texlive/2025/texmf-dist/tex/generic/pgfplots/util/pgfplotsutil.code.tex
(c:/texlive/2025/texmf-dist/tex/generic/pgfplots/liststructure/pgfplotsliststru
cture.code.tex)
(c:/texlive/2025/texmf-dist/tex/generic/pgfplots/liststructure/pgfplotsliststru
ctureext.code.tex)
(c:/texlive/2025/texmf-dist/tex/generic/pgfplots/liststructure/pgfplotsarray.co
de.tex
\c@pgfplotsarray@tmp=\count475
)
(c:/texlive/2025/texmf-dist/tex/generic/pgfplots/liststructure/pgfplotsmatrix.c
ode.tex)
(c:/texlive/2025/texmf-dist/tex/generic/pgfplots/numtable/pgfplotstableshared.c
ode.tex
\c@pgfplotstable@counta=\count476
\t@pgfplotstable@a=\toks47
)
(c:/texlive/2025/texmf-dist/tex/generic/pgfplots/liststructure/pgfplotsdeque.co
de.tex)
(c:/texlive/2025/texmf-dist/tex/generic/pgfplots/util/pgfplotsbinary.code.tex
(c:/texlive/2025/texmf-dist/tex/generic/pgfplots/util/pgfplotsbinary.data.code.
tex))
(c:/texlive/2025/texmf-dist/tex/generic/pgfplots/util/pgfplotsutil.verb.code.te
x)
(c:/texlive/2025/texmf-dist/tex/generic/pgfplots/libs/pgflibrarypgfplots.surfsh
ading.code.tex
\c@pgfplotslibrarysurf@no=\count477

(c:/texlive/2025/texmf-dist/tex/generic/pgfplots/sys/pgflibrarypgfplots.surfsha
ding.pgfsys-pdftex.def)))
(c:/texlive/2025/texmf-dist/tex/generic/pgfplots/util/pgfplotscolormap.code.tex
(c:/texlive/2025/texmf-dist/tex/generic/pgfplots/util/pgfplotscolor.code.tex))
(c:/texlive/2025/texmf-dist/tex/generic/pgfplots/pgfplotsstackedplots.code.tex)
(c:/texlive/2025/texmf-dist/tex/generic/pgfplots/pgfplotsplothandlers.code.tex
(c:/texlive/2025/texmf-dist/tex/generic/pgfplots/pgfplotsmeshplothandler.code.t
ex
(c:/texlive/2025/texmf-dist/tex/generic/pgfplots/pgfplotsmeshplotimage.code.tex
))) (c:/texlive/2025/texmf-dist/tex/generic/pgfplots/pgfplots.scaling.code.tex)

(c:/texlive/2025/texmf-dist/tex/generic/pgfplots/pgfplotscoordprocessing.code.t
ex)
(c:/texlive/2025/texmf-dist/tex/generic/pgfplots/pgfplots.errorbars.code.tex)
(c:/texlive/2025/texmf-dist/tex/generic/pgfplots/pgfplots.markers.code.tex)
(c:/texlive/2025/texmf-dist/tex/generic/pgfplots/pgfplotsticks.code.tex)
(c:/texlive/2025/texmf-dist/tex/generic/pgfplots/pgfplots.paths.code.tex)
(c:/texlive/2025/texmf-dist/tex/generic/pgf/frontendlayer/tikz/libraries/tikzli
brarydecorations.code.tex
(c:/texlive/2025/texmf-dist/tex/generic/pgf/modules/pgfmoduledecorations.code.t
ex
\pgfdecoratedcompleteddistance=\dimen287
\pgfdecoratedremainingdistance=\dimen288
\pgfdecoratedinputsegmentcompleteddistance=\dimen289
\pgfdecoratedinputsegmentremainingdistance=\dimen290
\pgf@decorate@distancetomove=\dimen291
\pgf@decorate@repeatstate=\count478
\pgfdecorationsegmentamplitude=\dimen292
\pgfdecorationsegmentlength=\dimen293
)
\tikz@lib@dec@box=\box72
)
(c:/texlive/2025/texmf-dist/tex/generic/pgf/frontendlayer/tikz/libraries/tikzli
brarydecorations.pathmorphing.code.tex
(c:/texlive/2025/texmf-dist/tex/generic/pgf/libraries/decorations/pgflibrarydec
orations.pathmorphing.code.tex))
(c:/texlive/2025/texmf-dist/tex/generic/pgf/frontendlayer/tikz/libraries/tikzli
brarydecorations.pathreplacing.code.tex
(c:/texlive/2025/texmf-dist/tex/generic/pgf/libraries/decorations/pgflibrarydec
orations.pathreplacing.code.tex))
(c:/texlive/2025/texmf-dist/tex/generic/pgfplots/libs/tikzlibrarypgfplots.conto
urlua.code.tex)
\pgfplots@numplots=\count479
\pgfplots@xmin@reg=\dimen294
\pgfplots@xmax@reg=\dimen295
\pgfplots@ymin@reg=\dimen296
\pgfplots@ymax@reg=\dimen297
\pgfplots@zmin@reg=\dimen298
\pgfplots@zmax@reg=\dimen299
)
(c:/texlive/2025/texmf-dist/tex/generic/pgf/frontendlayer/tikz/libraries/tikzli
braryplotmarks.code.tex
File: tikzlibraryplotmarks.code.tex 2025-08-29 v3.1.11a (3.1.11a)

(c:/texlive/2025/texmf-dist/tex/generic/pgf/libraries/pgflibraryplotmarks.code.
tex
File: pgflibraryplotmarks.code.tex 2025-08-29 v3.1.11a (3.1.11a)
)))
(c:/texlive/2025/texmf-dist/tex/generic/pgfplots/libs/tikzlibrarypgfplots.patch
plots.code.tex) (c:/texlive/2025/texmf-dist/tex/latex/pgfgantt/pgfgantt.sty
Package: pgfgantt 2024/06/19 v5.0a Draw Gantt diagrams with TikZ

(c:/texlive/2025/texmf-dist/tex/generic/pgf/frontendlayer/tikz/libraries/tikzli
braryarrows.code.tex
File: tikzlibraryarrows.code.tex 2025-08-29 v3.1.11a (3.1.11a)

(c:/texlive/2025/texmf-dist/tex/generic/pgf/libraries/pgflibraryarrows.code.tex
File: pgflibraryarrows.code.tex 2025-08-29 v3.1.11a (3.1.11a)
\arrowsize=\dimen300
))
(c:/texlive/2025/texmf-dist/tex/generic/pgf/frontendlayer/tikz/libraries/tikzli
brarybackgrounds.code.tex
File: tikzlibrarybackgrounds.code.tex 2025-08-29 v3.1.11a (3.1.11a)
\pgf@layerbox@background=\box73
\pgf@layerboxsaved@background=\box74
)
(c:/texlive/2025/texmf-dist/tex/generic/pgf/frontendlayer/tikz/libraries/tikzli
brarycalc.code.tex
File: tikzlibrarycalc.code.tex 2025-08-29 v3.1.11a (3.1.11a)
)
(c:/texlive/2025/texmf-dist/tex/generic/pgf/frontendlayer/tikz/libraries/tikzli
brarypatterns.code.tex
File: tikzlibrarypatterns.code.tex 2025-08-29 v3.1.11a (3.1.11a)

(c:/texlive/2025/texmf-dist/tex/generic/pgf/libraries/pgflibrarypatterns.code.t
ex
File: pgflibrarypatterns.code.tex 2025-08-29 v3.1.11a (3.1.11a)
))
(c:/texlive/2025/texmf-dist/tex/generic/pgf/frontendlayer/tikz/libraries/tikzli
brarypositioning.code.tex
File: tikzlibrarypositioning.code.tex 2025-08-29 v3.1.11a (3.1.11a)
)
(c:/texlive/2025/texmf-dist/tex/generic/pgf/frontendlayer/tikz/libraries/tikzli
braryshapes.geometric.code.tex
File: tikzlibraryshapes.geometric.code.tex 2025-08-29 v3.1.11a (3.1.11a)

(c:/texlive/2025/texmf-dist/tex/generic/pgf/libraries/shapes/pgflibraryshapes.g
eometric.code.tex
File: pgflibraryshapes.geometric.code.tex 2025-08-29 v3.1.11a (3.1.11a)
))
(c:/texlive/2025/texmf-dist/tex/latex/pgf/utilities/pgfcalendar.sty
(c:/texlive/2025/texmf-dist/tex/generic/pgf/utilities/pgfcalendar.code.tex
File: pgfcalendar.code.tex 2025-08-29 v3.1.11a (3.1.11a)
\pgfcalendarcurrentjulian=\count480
\pgf@cal@easter@Y=\count481
\pgf@cal@easter@G=\count482
\pgf@cal@easter@C=\count483
\pgf@cal@easter@X=\count484
\pgf@cal@easter@Z=\count485
\pgf@cal@easter@D=\count486
\pgf@cal@easter@E=\count487
\pgf@cal@easter@N=\count488
\pgf@cal@easter@M=\count489
\pgf@cal@easter@julianday=\count490
))
\gtt@currentline=\count491
\gtt@lasttitleline=\count492
\gtt@currgrid=\count493
\gtt@chartwidth=\count494
\gtt@lasttitleslot=\count495
\gtt@elementid=\count496
\gtt@today@slot=\count497
\gtt@startjulian=\count498
\gtt@endjulian=\count499
\gtt@chartid=\count500
\gtt@vrule@slot=\count501
\gtt@calendar@slots=\count502
\gtt@calendar@weeknumber=\count503
\gtt@calendar@startofweek=\count504
\gtt@left@slot=\count505
\gtt@right@slot=\count506
)
(c:/texlive/2025/texmf-dist/tex/latex/booktabs/booktabs.sty
Package: booktabs 2020/01/12 v1.61803398 Publication quality tables
\heavyrulewidth=\dimen301
\lightrulewidth=\dimen302
\cmidrulewidth=\dimen303
\belowrulesep=\dimen304
\belowbottomsep=\dimen305
\aboverulesep=\dimen306
\abovetopsep=\dimen307
\cmidrulesep=\dimen308
\cmidrulekern=\dimen309
\defaultaddspace=\dimen310
\@cmidla=\count507
\@cmidlb=\count508
\@aboverulesep=\dimen311
\@belowrulesep=\dimen312
\@thisruleclass=\count509
\@lastruleclass=\count510
\@thisrulewidth=\dimen313
)
(c:/texlive/2025/texmf-dist/tex/latex/tools/longtable.sty
Package: longtable 2025-10-13 v4.24 Multi-page Table package (DPC)
\LTleft=\skip107
\LTright=\skip108
\LTpre=\skip109
\LTpost=\skip110
\LTchunksize=\count511
\LTcapwidth=\dimen314
\LT@head=\box75
\LT@firsthead=\box76
\LT@foot=\box77
\LT@lastfoot=\box78
\LT@gbox=\box79
\LT@cols=\count512
\LT@rows=\count513
\c@LT@tables=\count514
\c@LT@chunks=\count515
\LT@p@ftn=\toks48
)
(c:/texlive/2025/texmf-dist/tex/latex/tools/verbatim.sty
Package: verbatim 2024-01-22 v1.5x LaTeX2e package for verbatim enhancements
\every@verbatim=\toks49
\verbatim@line=\toks50
\verbatim@in@stream=\read6
)
(c:/texlive/2025/texmf-dist/tex/latex/lastpage/lastpage.sty
Package: lastpage 2025/08/14 v2.1h lastpage: 2.09 or 2e? (HMM)

(c:/texlive/2025/texmf-dist/tex/latex/lastpage/lastpage2e.sty
Package: lastpage2e 2025/08/14 v2.1h Decide which 2e lastpage version to use (H
MM)

(c:/texlive/2025/texmf-dist/tex/latex/lastpage/lastpagemodern.sty
Package: lastpagemodern 2025-08-14 v2.1h Refers to last page's name (HMM; JPG)
\c@lastpagecount=\count516
) 
)) (c:/texlive/2025/texmf-dist/tex/latex/framed/framed.sty
Package: framed 2011/10/22 v 0.96: framed or shaded text with page breaks
\OuterFrameSep=\skip111
\fb@frw=\dimen315
\fb@frh=\dimen316
\FrameRule=\dimen317
\FrameSep=\dimen318
)
(c:/texlive/2025/texmf-dist/tex/latex/enumitem/enumitem.sty
Package: enumitem 2025/02/06 v3.11 Customized lists
\labelindent=\skip112
\enit@outerparindent=\dimen319
\enit@toks=\toks51
\enit@inbox=\box80
\enit@count@id=\count517
\enitdp@description=\count518
)
(c:/texlive/2025/texmf-dist/tex/latex/listings/lstlang1.sty
File: lstlang1.sty 2025/11/14 1.11b listings language file
)
(c:/texlive/2025/texmf-dist/tex/latex/listings/lstmisc.sty
File: lstmisc.sty 2025/11/14 1.11b (Carsten Heinz)
)

Package geometry Warning: Over-specification in `h'-direction.
    `width' (483.69684pt) is ignored.


Package geometry Warning: Over-specification in `v'-direction.
    `height' (731.23582pt) is ignored.


Package biblatex Warning: 'babel/polyglossia' detected but 'csquotes' missing.
(biblatex)                Loading 'csquotes' recommended.

\@quotelevel=\count519
\@quotereset=\count520

LaTeX Warning: Unused global option(s):
    [13pt].

(./main.aux)
\openout1 = `main.aux'.

LaTeX Font Info:    Checking defaults for OML/cmm/m/it on input line 99.
LaTeX Font Info:    ... okay on input line 99.
LaTeX Font Info:    Checking defaults for OMS/cmsy/m/n on input line 99.
LaTeX Font Info:    ... okay on input line 99.
LaTeX Font Info:    Checking defaults for OT1/cmr/m/n on input line 99.
LaTeX Font Info:    ... okay on input line 99.
LaTeX Font Info:    Checking defaults for T1/cmr/m/n on input line 99.
LaTeX Font Info:    ... okay on input line 99.
LaTeX Font Info:    Checking defaults for TS1/cmr/m/n on input line 99.
LaTeX Font Info:    ... okay on input line 99.
LaTeX Font Info:    Checking defaults for OMX/cmex/m/n on input line 99.
LaTeX Font Info:    ... okay on input line 99.
LaTeX Font Info:    Checking defaults for U/cmr/m/n on input line 99.
LaTeX Font Info:    ... okay on input line 99.
LaTeX Font Info:    Checking defaults for PD1/pdf/m/n on input line 99.
LaTeX Font Info:    ... okay on input line 99.
LaTeX Font Info:    Checking defaults for PU/pdf/m/n on input line 99.
LaTeX Font Info:    ... okay on input line 99.
 (c:/texlive/2025/texmf-dist/tex/context/base/mkii/supp-pdf.mkii
[Loading MPS to PDF converter (version 2006.09.02).]
\scratchcounter=\count521
\scratchdimen=\dimen320
\scratchbox=\box81
\nofMPsegments=\count522
\nofMParguments=\count523
\everyMPshowfont=\toks52
\MPscratchCnt=\count524
\MPscratchDim=\dimen321
\MPnumerator=\count525
\makeMPintoPDFobject=\count526
\everyMPtoPDFconversion=\toks53
) (c:/texlive/2025/texmf-dist/tex/latex/epstopdf-pkg/epstopdf-base.sty
Package: epstopdf-base 2020-01-24 v2.11 Base part for package epstopdf
Package epstopdf-base Info: Redefining graphics rule for `.eps' on input line 4
85.

(c:/texlive/2025/texmf-dist/tex/latex/latexconfig/epstopdf-sys.cfg
File: epstopdf-sys.cfg 2010/07/13 v1.3 Configuration of (r)epstopdf for TeX Liv
e
))
*geometry* driver: auto-detecting
*geometry* detected driver: pdftex
*geometry* verbose mode - [ preamble ] result:
* driver: pdftex
* paper: a4paper
* layout: <same size as paper>
* layoutoffset:(h,v)=(0.0pt,0.0pt)
* modes: 
* h-part:(L,W,R)=(56.9055pt, 483.69687pt, 56.9055pt)
* v-part:(T,H,B)=(56.9055pt, 731.23584pt, 56.9055pt)
* \paperwidth=597.50787pt
* \paperheight=845.04684pt
* \textwidth=483.69687pt
* \textheight=731.23584pt
* \oddsidemargin=-15.36449pt
* \evensidemargin=-15.36449pt
* \topmargin=-52.36449pt
* \headheight=28.0pt
* \headsep=30.0pt
* \topskip=10.0pt
* \footskip=30.0pt
* \marginparwidth=57.0pt
* \marginparsep=11.0pt
* \columnsep=10.0pt
* \skip\footins=9.0pt plus 4.0pt minus 2.0pt
* \hoffset=0.0pt
* \voffset=0.0pt
* \mag=1000
* \@twocolumnfalse
* \@twosidefalse
* \@mparswitchfalse
* \@reversemarginfalse
* (1in=72.27pt=25.4mm, 1cm=28.453pt)

Package hyperref Info: Link coloring OFF on input line 99.
(./main.out) (./main.out)
\@outlinefile=\write6
\openout6 = `main.out'.

\c@lstlisting=\count527
Package biblatex Info: Trying to load language 'english'...
Package biblatex Info: ... file 'english.lbx' found.

(c:/texlive/2025/texmf-dist/tex/latex/biblatex/lbx/english.lbx
File: english.lbx 2025/07/10 v3.21 biblatex localization (PK/MW)
)
Package biblatex Info: Input encoding 'utf8' detected.
Package biblatex Info: Automatic encoding selection.
(biblatex)             Assuming data encoding 'utf8'.
\openout5 = `main.bcf'.

Package biblatex Info: Trying to load bibliographic data...
Package biblatex Info: ... file 'main.bbl' found.
 (./main.bbl)
Package biblatex Info: Reference section=0 on input line 99.
Package biblatex Info: Reference segment=0 on input line 99.


Package pgfplots Warning: running in backwards compatibility mode (unsuitable t
ick labels; missing features). Consider writing \pgfplotsset{compat=1.18} into 
your preamble.
 on input line 99.

<logobk.png, id=139, 127.47626pt x 127.47626pt>
File: logobk.png Graphic file (type png)
<use logobk.png>
Package pdftex.def Info: logobk.png  used on input line 119.
(pdftex.def)             Requested size: 127.47594pt x 127.47594pt.
LaTeX Font Info:    Trying to load font information for U+msa on input line 133
.
(c:/texlive/2025/texmf-dist/tex/latex/amsfonts/umsa.fd
File: umsa.fd 2013/01/14 v3.01 AMS symbols A
)
LaTeX Font Info:    Trying to load font information for U+msb on input line 133
.

(c:/texlive/2025/texmf-dist/tex/latex/amsfonts/umsb.fd
File: umsb.fd 2013/01/14 v3.01 AMS symbols B
) [1

{c:/texlive/2025/texmf-var/fonts/map/pdftex/updmap/pdftex.map}{c:/texlive/2025/
texmf-dist/fonts/enc/dvips/cm-super/cm-super-t1.enc} <./logobk.png>]
pdfTeX warning (ext4): destination with the same identifier (name{page.1}) has 
been already used, duplicate ignored
<to be read again> 
                   \relax 
l.171 \newpage
               [1] (./main.toc)
\tf@toc=\write7
\openout7 = `main.toc'.

File: logobk.png Graphic file (type png)
<use logobk.png>
Package pdftex.def Info: logobk.png  used on input line 179.
(pdftex.def)             Requested size: 42.68001pt x 42.67912pt.


Package fancyhdr Warning: \headheight is too small (28.0pt): 
(fancyhdr)                Make it at least 46.27916pt, for example:
(fancyhdr)                \setlength{\headheight}{46.27916pt}.
(fancyhdr)                You might also make \topmargin smaller:
(fancyhdr)                \addtolength{\topmargin}{-18.27916pt}.

[2]
File: logobk.png Graphic file (type png)
<use logobk.png>
Package pdftex.def Info: logobk.png  used on input line 205.
(pdftex.def)             Requested size: 42.68001pt x 42.67912pt.


Package fancyhdr Warning: \headheight is too small (28.0pt): 
(fancyhdr)                Make it at least 46.27916pt, for example:
(fancyhdr)                \setlength{\headheight}{46.27916pt}.
(fancyhdr)                You might also make \topmargin smaller:
(fancyhdr)                \addtolength{\topmargin}{-18.27916pt}.

[3{c:/texlive/2025/texmf-dist/fonts/enc/dvips/cm-super/cm-super-ts1.enc}]
File: logobk.png Graphic file (type png)
<use logobk.png>
Package pdftex.def Info: logobk.png  used on input line 237.
(pdftex.def)             Requested size: 42.68001pt x 42.67912pt.


Package fancyhdr Warning: \headheight is too small (28.0pt): 
(fancyhdr)                Make it at least 46.27916pt, for example:
(fancyhdr)                \setlength{\headheight}{46.27916pt}.
(fancyhdr)                You might also make \topmargin smaller:
(fancyhdr)                \addtolength{\topmargin}{-18.27916pt}.

[4]
File: logobk.png Graphic file (type png)
<use logobk.png>
Package pdftex.def Info: logobk.png  used on input line 276.
(pdftex.def)             Requested size: 42.68001pt x 42.67912pt.


Package fancyhdr Warning: \headheight is too small (28.0pt): 
(fancyhdr)                Make it at least 46.27916pt, for example:
(fancyhdr)                \setlength{\headheight}{46.27916pt}.
(fancyhdr)                You might also make \topmargin smaller:
(fancyhdr)                \addtolength{\topmargin}{-18.27916pt}.

[5]
<Hierarchical Paging.png, id=230, 2055.68pt x 1073.00874pt>
File: Hierarchical Paging.png Graphic file (type png)
<use Hierarchical Paging.png>
Package pdftex.def Info: Hierarchical Paging.png  used on input line 304.
(pdftex.def)             Requested size: 435.32422pt x 227.22134pt.
File: logobk.png Graphic file (type png)
<use logobk.png>
Package pdftex.def Info: logobk.png  used on input line 307.
(pdftex.def)             Requested size: 42.68001pt x 42.67912pt.


Package fancyhdr Warning: \headheight is too small (28.0pt): 
(fancyhdr)                Make it at least 46.27916pt, for example:
(fancyhdr)                \setlength{\headheight}{46.27916pt}.
(fancyhdr)                You might also make \topmargin smaller:
(fancyhdr)                \addtolength{\topmargin}{-18.27916pt}.

[6]
File: logobk.png Graphic file (type png)
<use logobk.png>
Package pdftex.def Info: logobk.png  used on input line 354.
(pdftex.def)             Requested size: 42.68001pt x 42.67912pt.


Package fancyhdr Warning: \headheight is too small (28.0pt): 
(fancyhdr)                Make it at least 46.27916pt, for example:
(fancyhdr)                \setlength{\headheight}{46.27916pt}.
(fancyhdr)                You might also make \topmargin smaller:
(fancyhdr)                \addtolength{\topmargin}{-18.27916pt}.

[7
pdfTeX warning (ext4): destination with the same identifier (name{figure.1}) ha
s been already used, duplicate ignored
<argument> ...shipout:D \box_use:N \l_shipout_box 
                                                  \__shipout_drop_firstpage_...
l.354 	\end{itemize}
                     <./Hierarchical Paging.png>]
<Hashed Page Tables.png, id=248, 2055.68pt x 1075.01625pt>
File: Hashed Page Tables.png Graphic file (type png)
<use Hashed Page Tables.png>
Package pdftex.def Info: Hashed Page Tables.png  used on input line 358.
(pdftex.def)             Requested size: 483.69687pt x 252.94052pt.
<Clustered Page Tables.png, id=249, 2055.68pt x 1073.00874pt>
File: Clustered Page Tables.png Graphic file (type png)
<use Clustered Page Tables.png>
Package pdftex.def Info: Clustered Page Tables.png  used on input line 367.
(pdftex.def)             Requested size: 483.69687pt x 252.46817pt.
File: logobk.png Graphic file (type png)
<use logobk.png>
Package pdftex.def Info: logobk.png  used on input line 371.
(pdftex.def)             Requested size: 42.68001pt x 42.67912pt.


Package fancyhdr Warning: \headheight is too small (28.0pt): 
(fancyhdr)                Make it at least 46.27916pt, for example:
(fancyhdr)                \setlength{\headheight}{46.27916pt}.
(fancyhdr)                You might also make \topmargin smaller:
(fancyhdr)                \addtolength{\topmargin}{-18.27916pt}.

[8
pdfTeX warning (ext4): destination with the same identifier (name{figure.2}) ha
s been already used, duplicate ignored
<argument> ...shipout:D \box_use:N \l_shipout_box 
                                                  \__shipout_drop_firstpage_...
l.371 
       <./Hashed Page Tables.png>]
File: logobk.png Graphic file (type png)
<use logobk.png>
Package pdftex.def Info: logobk.png  used on input line 410.
(pdftex.def)             Requested size: 42.68001pt x 42.67912pt.


Package fancyhdr Warning: \headheight is too small (28.0pt): 
(fancyhdr)                Make it at least 46.27916pt, for example:
(fancyhdr)                \setlength{\headheight}{46.27916pt}.
(fancyhdr)                You might also make \topmargin smaller:
(fancyhdr)                \addtolength{\topmargin}{-18.27916pt}.

[9
pdfTeX warning (ext4): destination with the same identifier (name{figure.3}) ha
s been already used, duplicate ignored
<argument> ...shipout:D \box_use:N \l_shipout_box 
                                                  \__shipout_drop_firstpage_...
l.410 		\item \textbf
                     {High Lookup Latency:} Since the table is sorted by phy...
 <./Clustered Page Tables.png>]
File: logobk.png Graphic file (type png)
<use logobk.png>
Package pdftex.def Info: logobk.png  used on input line 449.
(pdftex.def)             Requested size: 42.68001pt x 42.67912pt.


Package fancyhdr Warning: \headheight is too small (28.0pt): 
(fancyhdr)                Make it at least 46.27916pt, for example:
(fancyhdr)                \setlength{\headheight}{46.27916pt}.
(fancyhdr)                You might also make \topmargin smaller:
(fancyhdr)                \addtolength{\topmargin}{-18.27916pt}.

[10]
Package hyperref Info: bookmark level for unknown lstlisting defaults to 0 on i
nput line 464.
File: logobk.png Graphic file (type png)
<use logobk.png>
Package pdftex.def Info: logobk.png  used on input line 496.
(pdftex.def)             Requested size: 42.68001pt x 42.67912pt.


Package fancyhdr Warning: \headheight is too small (28.0pt): 
(fancyhdr)                Make it at least 46.27916pt, for example:
(fancyhdr)                \setlength{\headheight}{46.27916pt}.
(fancyhdr)                You might also make \topmargin smaller:
(fancyhdr)                \addtolength{\topmargin}{-18.27916pt}.

[11]
LaTeX Font Info:    Font shape `T1/cmtt/bx/n' in size <10> not available
(Font)              Font shape `T1/cmtt/m/n' tried instead on input line 504.
File: logobk.png Graphic file (type png)
<use logobk.png>
Package pdftex.def Info: logobk.png  used on input line 542.
(pdftex.def)             Requested size: 42.68001pt x 42.67912pt.


Package fancyhdr Warning: \headheight is too small (28.0pt): 
(fancyhdr)                Make it at least 46.27916pt, for example:
(fancyhdr)                \setlength{\headheight}{46.27916pt}.
(fancyhdr)                You might also make \topmargin smaller:
(fancyhdr)                \addtolength{\topmargin}{-18.27916pt}.

[12]
File: logobk.png Graphic file (type png)
<use logobk.png>
Package pdftex.def Info: logobk.png  used on input line 585.
(pdftex.def)             Requested size: 42.68001pt x 42.67912pt.


Package fancyhdr Warning: \headheight is too small (28.0pt): 
(fancyhdr)                Make it at least 46.27916pt, for example:
(fancyhdr)                \setlength{\headheight}{46.27916pt}.
(fancyhdr)                You might also make \topmargin smaller:
(fancyhdr)                \addtolength{\topmargin}{-18.27916pt}.

[13]
File: logobk.png Graphic file (type png)
<use logobk.png>
Package pdftex.def Info: logobk.png  used on input line 626.
(pdftex.def)             Requested size: 42.68001pt x 42.67912pt.


Package fancyhdr Warning: \headheight is too small (28.0pt): 
(fancyhdr)                Make it at least 46.27916pt, for example:
(fancyhdr)                \setlength{\headheight}{46.27916pt}.
(fancyhdr)                You might also make \topmargin smaller:
(fancyhdr)                \addtolength{\topmargin}{-18.27916pt}.

[14]
File: logobk.png Graphic file (type png)
<use logobk.png>
Package pdftex.def Info: logobk.png  used on input line 664.
(pdftex.def)             Requested size: 42.68001pt x 42.67912pt.


Package fancyhdr Warning: \headheight is too small (28.0pt): 
(fancyhdr)                Make it at least 46.27916pt, for example:
(fancyhdr)                \setlength{\headheight}{46.27916pt}.
(fancyhdr)                You might also make \topmargin smaller:
(fancyhdr)                \addtolength{\topmargin}{-18.27916pt}.

[15]
File: logobk.png Graphic file (type png)
<use logobk.png>
Package pdftex.def Info: logobk.png  used on input line 705.
(pdftex.def)             Requested size: 42.68001pt x 42.67912pt.


Package fancyhdr Warning: \headheight is too small (28.0pt): 
(fancyhdr)                Make it at least 46.27916pt, for example:
(fancyhdr)                \setlength{\headheight}{46.27916pt}.
(fancyhdr)                You might also make \topmargin smaller:
(fancyhdr)                \addtolength{\topmargin}{-18.27916pt}.

[16]
File: logobk.png Graphic file (type png)
<use logobk.png>
Package pdftex.def Info: logobk.png  used on input line 748.
(pdftex.def)             Requested size: 42.68001pt x 42.67912pt.


Package fancyhdr Warning: \headheight is too small (28.0pt): 
(fancyhdr)                Make it at least 46.27916pt, for example:
(fancyhdr)                \setlength{\headheight}{46.27916pt}.
(fancyhdr)                You might also make \topmargin smaller:
(fancyhdr)                \addtolength{\topmargin}{-18.27916pt}.

[17]
File: logobk.png Graphic file (type png)
<use logobk.png>
Package pdftex.def Info: logobk.png  used on input line 790.
(pdftex.def)             Requested size: 42.68001pt x 42.67912pt.


Package fancyhdr Warning: \headheight is too small (28.0pt): 
(fancyhdr)                Make it at least 46.27916pt, for example:
(fancyhdr)                \setlength{\headheight}{46.27916pt}.
(fancyhdr)                You might also make \topmargin smaller:
(fancyhdr)                \addtolength{\topmargin}{-18.27916pt}.

[18]
File: logobk.png Graphic file (type png)
<use logobk.png>
Package pdftex.def Info: logobk.png  used on input line 819.
(pdftex.def)             Requested size: 42.68001pt x 42.67912pt.


Package fancyhdr Warning: \headheight is too small (28.0pt): 
(fancyhdr)                Make it at least 46.27916pt, for example:
(fancyhdr)                \setlength{\headheight}{46.27916pt}.
(fancyhdr)                You might also make \topmargin smaller:
(fancyhdr)                \addtolength{\topmargin}{-18.27916pt}.

[19]
File: logobk.png Graphic file (type png)
<use logobk.png>
Package pdftex.def Info: logobk.png  used on input line 861.
(pdftex.def)             Requested size: 42.68001pt x 42.67912pt.


Package fancyhdr Warning: \headheight is too small (28.0pt): 
(fancyhdr)                Make it at least 46.27916pt, for example:
(fancyhdr)                \setlength{\headheight}{46.27916pt}.
(fancyhdr)                You might also make \topmargin smaller:
(fancyhdr)                \addtolength{\topmargin}{-18.27916pt}.

[20]
File: logobk.png Graphic file (type png)
<use logobk.png>
Package pdftex.def Info: logobk.png  used on input line 905.
(pdftex.def)             Requested size: 42.68001pt x 42.67912pt.


Package fancyhdr Warning: \headheight is too small (28.0pt): 
(fancyhdr)                Make it at least 46.27916pt, for example:
(fancyhdr)                \setlength{\headheight}{46.27916pt}.
(fancyhdr)                You might also make \topmargin smaller:
(fancyhdr)                \addtolength{\topmargin}{-18.27916pt}.

[21]
File: logobk.png Graphic file (type png)
<use logobk.png>
Package pdftex.def Info: logobk.png  used on input line 950.
(pdftex.def)             Requested size: 42.68001pt x 42.67912pt.


Package fancyhdr Warning: \headheight is too small (28.0pt): 
(fancyhdr)                Make it at least 46.27916pt, for example:
(fancyhdr)                \setlength{\headheight}{46.27916pt}.
(fancyhdr)                You might also make \topmargin smaller:
(fancyhdr)                \addtolength{\topmargin}{-18.27916pt}.

[22]
File: logobk.png Graphic file (type png)
<use logobk.png>
Package pdftex.def Info: logobk.png  used on input line 997.
(pdftex.def)             Requested size: 42.68001pt x 42.67912pt.


Package fancyhdr Warning: \headheight is too small (28.0pt): 
(fancyhdr)                Make it at least 46.27916pt, for example:
(fancyhdr)                \setlength{\headheight}{46.27916pt}.
(fancyhdr)                You might also make \topmargin smaller:
(fancyhdr)                \addtolength{\topmargin}{-18.27916pt}.

[23]
File: logobk.png Graphic file (type png)
<use logobk.png>
Package pdftex.def Info: logobk.png  used on input line 1045.
(pdftex.def)             Requested size: 42.68001pt x 42.67912pt.


Package fancyhdr Warning: \headheight is too small (28.0pt): 
(fancyhdr)                Make it at least 46.27916pt, for example:
(fancyhdr)                \setlength{\headheight}{46.27916pt}.
(fancyhdr)                You might also make \topmargin smaller:
(fancyhdr)                \addtolength{\topmargin}{-18.27916pt}.

[24]
File: logobk.png Graphic file (type png)
<use logobk.png>
Package pdftex.def Info: logobk.png  used on input line 1087.
(pdftex.def)             Requested size: 42.68001pt x 42.67912pt.


Package fancyhdr Warning: \headheight is too small (28.0pt): 
(fancyhdr)                Make it at least 46.27916pt, for example:
(fancyhdr)                \setlength{\headheight}{46.27916pt}.
(fancyhdr)                You might also make \topmargin smaller:
(fancyhdr)                \addtolength{\topmargin}{-18.27916pt}.

[25]
File: logobk.png Graphic file (type png)
<use logobk.png>
Package pdftex.def Info: logobk.png  used on input line 1208.
(pdftex.def)             Requested size: 42.68001pt x 42.67912pt.


Package fancyhdr Warning: \headheight is too small (28.0pt): 
(fancyhdr)                Make it at least 46.27916pt, for example:
(fancyhdr)                \setlength{\headheight}{46.27916pt}.
(fancyhdr)                You might also make \topmargin smaller:
(fancyhdr)                \addtolength{\topmargin}{-18.27916pt}.

[26
pdfTeX warning (ext4): destination with the same identifier (name{figure.4}) ha
s been already used, duplicate ignored
<argument> ...shipout:D \box_use:N \l_shipout_box 
                                                  \__shipout_drop_firstpage_...
l.1208 	CPU 
            1: Dispatched process  1
pdfTeX warning (ext4): destination with the same identifier (name{figure.5}) ha
s been already used, duplicate ignored
<argument> ...shipout:D \box_use:N \l_shipout_box 
                                                  \__shipout_drop_firstpage_...
l.1208 	CPU 
            1: Dispatched process  1]
File: logobk.png Graphic file (type png)
<use logobk.png>
Package pdftex.def Info: logobk.png  used on input line 1246.
(pdftex.def)             Requested size: 42.68001pt x 42.67912pt.


Package fancyhdr Warning: \headheight is too small (28.0pt): 
(fancyhdr)                Make it at least 46.27916pt, for example:
(fancyhdr)                \setlength{\headheight}{46.27916pt}.
(fancyhdr)                You might also make \topmargin smaller:
(fancyhdr)                \addtolength{\topmargin}{-18.27916pt}.

[27]
File: logobk.png Graphic file (type png)
<use logobk.png>
Package pdftex.def Info: logobk.png  used on input line 1285.
(pdftex.def)             Requested size: 42.68001pt x 42.67912pt.


Package fancyhdr Warning: \headheight is too small (28.0pt): 
(fancyhdr)                Make it at least 46.27916pt, for example:
(fancyhdr)                \setlength{\headheight}{46.27916pt}.
(fancyhdr)                You might also make \topmargin smaller:
(fancyhdr)                \addtolength{\topmargin}{-18.27916pt}.

[28]
File: logobk.png Graphic file (type png)
<use logobk.png>
Package pdftex.def Info: logobk.png  used on input line 1329.
(pdftex.def)             Requested size: 42.68001pt x 42.67912pt.


Package fancyhdr Warning: \headheight is too small (28.0pt): 
(fancyhdr)                Make it at least 46.27916pt, for example:
(fancyhdr)                \setlength{\headheight}{46.27916pt}.
(fancyhdr)                You might also make \topmargin smaller:
(fancyhdr)                \addtolength{\topmargin}{-18.27916pt}.

[29]
File: logobk.png Graphic file (type png)
<use logobk.png>
Package pdftex.def Info: logobk.png  used on input line 1377.
(pdftex.def)             Requested size: 42.68001pt x 42.67912pt.


Package fancyhdr Warning: \headheight is too small (28.0pt): 
(fancyhdr)                Make it at least 46.27916pt, for example:
(fancyhdr)                \setlength{\headheight}{46.27916pt}.
(fancyhdr)                You might also make \topmargin smaller:
(fancyhdr)                \addtolength{\topmargin}{-18.27916pt}.

[30]
File: logobk.png Graphic file (type png)
<use logobk.png>
Package pdftex.def Info: logobk.png  used on input line 1421.
(pdftex.def)             Requested size: 42.68001pt x 42.67912pt.


Package fancyhdr Warning: \headheight is too small (28.0pt): 
(fancyhdr)                Make it at least 46.27916pt, for example:
(fancyhdr)                \setlength{\headheight}{46.27916pt}.
(fancyhdr)                You might also make \topmargin smaller:
(fancyhdr)                \addtolength{\topmargin}{-18.27916pt}.

[31]
File: logobk.png Graphic file (type png)
<use logobk.png>
Package pdftex.def Info: logobk.png  used on input line 1450.
(pdftex.def)             Requested size: 42.68001pt x 42.67912pt.


Package fancyhdr Warning: \headheight is too small (28.0pt): 
(fancyhdr)                Make it at least 46.27916pt, for example:
(fancyhdr)                \setlength{\headheight}{46.27916pt}.
(fancyhdr)                You might also make \topmargin smaller:
(fancyhdr)                \addtolength{\topmargin}{-18.27916pt}.

[32]
File: logobk.png Graphic file (type png)
<use logobk.png>
Package pdftex.def Info: logobk.png  used on input line 1491.
(pdftex.def)             Requested size: 42.68001pt x 42.67912pt.


Package fancyhdr Warning: \headheight is too small (28.0pt): 
(fancyhdr)                Make it at least 46.27916pt, for example:
(fancyhdr)                \setlength{\headheight}{46.27916pt}.
(fancyhdr)                You might also make \topmargin smaller:
(fancyhdr)                \addtolength{\topmargin}{-18.27916pt}.

[33]
Overfull \hbox (38.34428pt too wide) in paragraph at lines 1505--1506
[]\T1/cmr/m/it/10 Code Ev-i-dence: \T1/cmr/m/n/10 The se-lec-tion logic in \T1/
cmtt/m/n/10 sched.c \T1/cmr/m/n/10 (\T1/cmtt/m/n/10 get_mlq_proc\T1/cmr/m/n/10 
) it-er-ates through \T1/cmtt/m/n/10 mlq_ready_queue[i]
 []

File: logobk.png Graphic file (type png)
<use logobk.png>
Package pdftex.def Info: logobk.png  used on input line 1528.
(pdftex.def)             Requested size: 42.68001pt x 42.67912pt.

Package fancyhdr Warning: \headheight is too small (28.0pt): 
(fancyhdr)                Make it at least 46.27916pt, for example:
(fancyhdr)                \setlength{\headheight}{46.27916pt}.
(fancyhdr)                You might also make \topmargin smaller:
(fancyhdr)                \addtolength{\topmargin}{-18.27916pt}.

[34]
File: logobk.png Graphic file (type png)
<use logobk.png>
Package pdftex.def Info: logobk.png  used on input line 1574.
(pdftex.def)             Requested size: 42.68001pt x 42.67912pt.


Package fancyhdr Warning: \headheight is too small (28.0pt): 
(fancyhdr)                Make it at least 46.27916pt, for example:
(fancyhdr)                \setlength{\headheight}{46.27916pt}.
(fancyhdr)                You might also make \topmargin smaller:
(fancyhdr)                \addtolength{\topmargin}{-18.27916pt}.

[35]
File: logobk.png Graphic file (type png)
<use logobk.png>
Package pdftex.def Info: logobk.png  used on input line 1629.
(pdftex.def)             Requested size: 42.68001pt x 42.67912pt.


Package fancyhdr Warning: \headheight is too small (28.0pt): 
(fancyhdr)                Make it at least 46.27916pt, for example:
(fancyhdr)                \setlength{\headheight}{46.27916pt}.
(fancyhdr)                You might also make \topmargin smaller:
(fancyhdr)                \addtolength{\topmargin}{-18.27916pt}.

[36]
Overfull \hbox (7.71207pt too wide) in paragraph at lines 1652--1654
\T1/cmr/m/n/10 come segment-aware. They take a \T1/cmtt/m/n/10 vmaid \T1/cmr/m/
n/10 pa-ram-e-ter to se-lect the cor-rect VMA via \T1/cmtt/m/n/10 get_vma_by_nu
m(mm,
 []

File: logobk.png Graphic file (type png)
<use logobk.png>
Package pdftex.def Info: logobk.png  used on input line 1671.
(pdftex.def)             Requested size: 42.68001pt x 42.67912pt.

Package fancyhdr Warning: \headheight is too small (28.0pt): 
(fancyhdr)                Make it at least 46.27916pt, for example:
(fancyhdr)                \setlength{\headheight}{46.27916pt}.
(fancyhdr)                You might also make \topmargin smaller:
(fancyhdr)                \addtolength{\topmargin}{-18.27916pt}.

[37]
File: logobk.png Graphic file (type png)
<use logobk.png>
Package pdftex.def Info: logobk.png  used on input line 1719.
(pdftex.def)             Requested size: 42.68001pt x 42.67912pt.


Package fancyhdr Warning: \headheight is too small (28.0pt): 
(fancyhdr)                Make it at least 46.27916pt, for example:
(fancyhdr)                \setlength{\headheight}{46.27916pt}.
(fancyhdr)                You might also make \topmargin smaller:
(fancyhdr)                \addtolength{\topmargin}{-18.27916pt}.

[38]
File: logobk.png Graphic file (type png)
<use logobk.png>
Package pdftex.def Info: logobk.png  used on input line 1765.
(pdftex.def)             Requested size: 42.68001pt x 42.67912pt.


Package fancyhdr Warning: \headheight is too small (28.0pt): 
(fancyhdr)                Make it at least 46.27916pt, for example:
(fancyhdr)                \setlength{\headheight}{46.27916pt}.
(fancyhdr)                You might also make \topmargin smaller:
(fancyhdr)                \addtolength{\topmargin}{-18.27916pt}.

[39]
File: logobk.png Graphic file (type png)
<use logobk.png>
Package pdftex.def Info: logobk.png  used on input line 1798.
(pdftex.def)             Requested size: 42.68001pt x 42.67912pt.


Package fancyhdr Warning: \headheight is too small (28.0pt): 
(fancyhdr)                Make it at least 46.27916pt, for example:
(fancyhdr)                \setlength{\headheight}{46.27916pt}.
(fancyhdr)                You might also make \topmargin smaller:
(fancyhdr)                \addtolength{\topmargin}{-18.27916pt}.

[40]
File: logobk.png Graphic file (type png)
<use logobk.png>
Package pdftex.def Info: logobk.png  used on input line 1838.
(pdftex.def)             Requested size: 42.68001pt x 42.67912pt.


Package fancyhdr Warning: \headheight is too small (28.0pt): 
(fancyhdr)                Make it at least 46.27916pt, for example:
(fancyhdr)                \setlength{\headheight}{46.27916pt}.
(fancyhdr)                You might also make \topmargin smaller:
(fancyhdr)                \addtolength{\topmargin}{-18.27916pt}.

[41]
File: logobk.png Graphic file (type png)
<use logobk.png>
Package pdftex.def Info: logobk.png  used on input line 1876.
(pdftex.def)             Requested size: 42.68001pt x 42.67912pt.


Package fancyhdr Warning: \headheight is too small (28.0pt): 
(fancyhdr)                Make it at least 46.27916pt, for example:
(fancyhdr)                \setlength{\headheight}{46.27916pt}.
(fancyhdr)                You might also make \topmargin smaller:
(fancyhdr)                \addtolength{\topmargin}{-18.27916pt}.

[42]
File: logobk.png Graphic file (type png)
<use logobk.png>
Package pdftex.def Info: logobk.png  used on input line 1913.
(pdftex.def)             Requested size: 42.68001pt x 42.67912pt.


Package fancyhdr Warning: \headheight is too small (28.0pt): 
(fancyhdr)                Make it at least 46.27916pt, for example:
(fancyhdr)                \setlength{\headheight}{46.27916pt}.
(fancyhdr)                You might also make \topmargin smaller:
(fancyhdr)                \addtolength{\topmargin}{-18.27916pt}.

[43]
Overfull \hbox (42.2973pt too wide) in paragraph at lines 1935--1936
\T1/cmr/m/n/10 The func-tion cal-cu-lates page-aligned size, calls \T1/cmtt/m/n
/10 vm_map_ram() \T1/cmr/m/n/10 which al-lo-cates frames via \T1/cmtt/m/n/10 al
loc_pages_range()
 []

File: logobk.png Graphic file (type png)
<use logobk.png>
Package pdftex.def Info: logobk.png  used on input line 1949.
(pdftex.def)             Requested size: 42.68001pt x 42.67912pt.

Package fancyhdr Warning: \headheight is too small (28.0pt): 
(fancyhdr)                Make it at least 46.27916pt, for example:
(fancyhdr)                \setlength{\headheight}{46.27916pt}.
(fancyhdr)                You might also make \topmargin smaller:
(fancyhdr)                \addtolength{\topmargin}{-18.27916pt}.

[44]
Overfull \hbox (1.695pt too wide) in paragraph at lines 1976--1977
[]\T1/cmr/m/n/10 In the Sim-ple OS im-ple-men-ta-tion, the \T1/cmtt/m/n/10 get_
vm_area_node_at_brk() \T1/cmr/m/n/10 func-tion (lines 47-67 of \T1/cmtt/m/n/10 
mm-vm.c\T1/cmr/m/n/10 )
 []

File: logobk.png Graphic file (type png)
<use logobk.png>
Package pdftex.def Info: logobk.png  used on input line 1987.
(pdftex.def)             Requested size: 42.68001pt x 42.67912pt.

Package fancyhdr Warning: \headheight is too small (28.0pt): 
(fancyhdr)                Make it at least 46.27916pt, for example:
(fancyhdr)                \setlength{\headheight}{46.27916pt}.
(fancyhdr)                You might also make \topmargin smaller:
(fancyhdr)                \addtolength{\topmargin}{-18.27916pt}.

[45]
Overfull \hbox (6.99112pt too wide) in paragraph at lines 2021--2022
\T1/cmr/m/n/10 in-clud-ing \T1/cmtt/m/n/10 mlq_ready_queue[]\T1/cmr/m/n/10 , \T
1/cmtt/m/n/10 slot_remaining[]\T1/cmr/m/n/10 , \T1/cmtt/m/n/10 current_queue_in
dex\T1/cmr/m/n/10 , and \T1/cmtt/m/n/10 running_list\T1/cmr/m/n/10 . Func-
 []

File: logobk.png Graphic file (type png)
<use logobk.png>
Package pdftex.def Info: logobk.png  used on input line 2024.
(pdftex.def)             Requested size: 42.68001pt x 42.67912pt.

Package fancyhdr Warning: \headheight is too small (28.0pt): 
(fancyhdr)                Make it at least 46.27916pt, for example:
(fancyhdr)                \setlength{\headheight}{46.27916pt}.
(fancyhdr)                You might also make \topmargin smaller:
(fancyhdr)                \addtolength{\topmargin}{-18.27916pt}.

[46]
Overfull \hbox (3.97333pt too wide) in paragraph at lines 2030--2033
\T1/cmr/m/n/10 ne-ously call \T1/cmtt/m/n/10 get_mlq_proc() \T1/cmr/m/n/10 and 
\T1/cmtt/m/n/10 put_mlq_proc()\T1/cmr/m/n/10 , lead-ing to race con-di-tions on
 \T1/cmtt/m/n/10 mlq_ready_queue[]\T1/cmr/m/n/10 .
 []


Overfull \hbox (19.34041pt too wide) in paragraph at lines 2038--2041
[]\T1/cmr/bx/n/10 Scheduler State In-con-sis-tency: \T1/cmr/m/n/10 The sched-ul
er main-tains state vari-ables \T1/cmtt/m/n/10 slot[] \T1/cmr/m/n/10 and \T1/cm
tt/m/n/10 mlq_ready_queue
 []

File: logobk.png Graphic file (type png)
<use logobk.png>
Package pdftex.def Info: logobk.png  used on input line 2060.
(pdftex.def)             Requested size: 42.68001pt x 42.67912pt.

Package fancyhdr Warning: \headheight is too small (28.0pt): 
(fancyhdr)                Make it at least 46.27916pt, for example:
(fancyhdr)                \setlength{\headheight}{46.27916pt}.
(fancyhdr)                You might also make \topmargin smaller:
(fancyhdr)                \addtolength{\topmargin}{-18.27916pt}.

[47]
File: logobk.png Graphic file (type png)
<use logobk.png>
Package pdftex.def Info: logobk.png  used on input line 2104.
(pdftex.def)             Requested size: 42.68001pt x 42.67912pt.


Package fancyhdr Warning: \headheight is too small (28.0pt): 
(fancyhdr)                Make it at least 46.27916pt, for example:
(fancyhdr)                \setlength{\headheight}{46.27916pt}.
(fancyhdr)                You might also make \topmargin smaller:
(fancyhdr)                \addtolength{\topmargin}{-18.27916pt}.

[48]
Overfull \hbox (15.8525pt too wide) in paragraph at lines 2135--2138
[]\T1/cmr/bx/n/10 Loader-CPU Race Con-di-tions: \T1/cmr/m/n/10 The \T1/cmtt/m/n
/10 ld_routine() \T1/cmr/m/n/10 adds pro-cesses to the ready queue via \T1/cmtt
/m/n/10 add_proc()
 []

File: logobk.png Graphic file (type png)
<use logobk.png>
Package pdftex.def Info: logobk.png  used on input line 2140.
(pdftex.def)             Requested size: 42.68001pt x 42.67912pt.

Package fancyhdr Warning: \headheight is too small (28.0pt): 
(fancyhdr)                Make it at least 46.27916pt, for example:
(fancyhdr)                \setlength{\headheight}{46.27916pt}.
(fancyhdr)                You might also make \topmargin smaller:
(fancyhdr)                \addtolength{\topmargin}{-18.27916pt}.

[49]
File: logobk.png Graphic file (type png)
<use logobk.png>
Package pdftex.def Info: logobk.png  used on input line 2185.
(pdftex.def)             Requested size: 42.68001pt x 42.67912pt.


Package fancyhdr Warning: \headheight is too small (28.0pt): 
(fancyhdr)                Make it at least 46.27916pt, for example:
(fancyhdr)                \setlength{\headheight}{46.27916pt}.
(fancyhdr)                You might also make \topmargin smaller:
(fancyhdr)                \addtolength{\topmargin}{-18.27916pt}.

[50]
File: logobk.png Graphic file (type png)
<use logobk.png>
Package pdftex.def Info: logobk.png  used on input line 2228.
(pdftex.def)             Requested size: 42.68001pt x 42.67912pt.


Package fancyhdr Warning: \headheight is too small (28.0pt): 
(fancyhdr)                Make it at least 46.27916pt, for example:
(fancyhdr)                \setlength{\headheight}{46.27916pt}.
(fancyhdr)                You might also make \topmargin smaller:
(fancyhdr)                \addtolength{\topmargin}{-18.27916pt}.

[51]
File: logobk.png Graphic file (type png)
<use logobk.png>
Package pdftex.def Info: logobk.png  used on input line 2268.
(pdftex.def)             Requested size: 42.68001pt x 42.67912pt.


Package fancyhdr Warning: \headheight is too small (28.0pt): 
(fancyhdr)                Make it at least 46.27916pt, for example:
(fancyhdr)                \setlength{\headheight}{46.27916pt}.
(fancyhdr)                You might also make \topmargin smaller:
(fancyhdr)                \addtolength{\topmargin}{-18.27916pt}.

[52]
File: logobk.png Graphic file (type png)
<use logobk.png>
Package pdftex.def Info: logobk.png  used on input line 2308.
(pdftex.def)             Requested size: 42.68001pt x 42.67912pt.


Package fancyhdr Warning: \headheight is too small (28.0pt): 
(fancyhdr)                Make it at least 46.27916pt, for example:
(fancyhdr)                \setlength{\headheight}{46.27916pt}.
(fancyhdr)                You might also make \topmargin smaller:
(fancyhdr)                \addtolength{\topmargin}{-18.27916pt}.

[53]
File: logobk.png Graphic file (type png)
<use logobk.png>
Package pdftex.def Info: logobk.png  used on input line 2351.
(pdftex.def)             Requested size: 42.68001pt x 42.67912pt.


Package fancyhdr Warning: \headheight is too small (28.0pt): 
(fancyhdr)                Make it at least 46.27916pt, for example:
(fancyhdr)                \setlength{\headheight}{46.27916pt}.
(fancyhdr)                You might also make \topmargin smaller:
(fancyhdr)                \addtolength{\topmargin}{-18.27916pt}.

[54]
File: logobk.png Graphic file (type png)
<use logobk.png>
Package pdftex.def Info: logobk.png  used on input line 2379.
(pdftex.def)             Requested size: 42.68001pt x 42.67912pt.


Package fancyhdr Warning: \headheight is too small (28.0pt): 
(fancyhdr)                Make it at least 46.27916pt, for example:
(fancyhdr)                \setlength{\headheight}{46.27916pt}.
(fancyhdr)                You might also make \topmargin smaller:
(fancyhdr)                \addtolength{\topmargin}{-18.27916pt}.

[55]
File: logobk.png Graphic file (type png)
<use logobk.png>
Package pdftex.def Info: logobk.png  used on input line 2409.
(pdftex.def)             Requested size: 42.68001pt x 42.67912pt.


Package fancyhdr Warning: \headheight is too small (28.0pt): 
(fancyhdr)                Make it at least 46.27916pt, for example:
(fancyhdr)                \setlength{\headheight}{46.27916pt}.
(fancyhdr)                You might also make \topmargin smaller:
(fancyhdr)                \addtolength{\topmargin}{-18.27916pt}.

[56]
File: logobk.png Graphic file (type png)
<use logobk.png>
Package pdftex.def Info: logobk.png  used on input line 2430.
(pdftex.def)             Requested size: 42.68001pt x 42.67912pt.


Package fancyhdr Warning: \headheight is too small (28.0pt): 
(fancyhdr)                Make it at least 46.27916pt, for example:
(fancyhdr)                \setlength{\headheight}{46.27916pt}.
(fancyhdr)                You might also make \topmargin smaller:
(fancyhdr)                \addtolength{\topmargin}{-18.27916pt}.

[57]
File: logobk.png Graphic file (type png)
<use logobk.png>
Package pdftex.def Info: logobk.png  used on input line 2450.
(pdftex.def)             Requested size: 42.68001pt x 42.67912pt.


Package fancyhdr Warning: \headheight is too small (28.0pt): 
(fancyhdr)                Make it at least 46.27916pt, for example:
(fancyhdr)                \setlength{\headheight}{46.27916pt}.
(fancyhdr)                You might also make \topmargin smaller:
(fancyhdr)                \addtolength{\topmargin}{-18.27916pt}.

[58] 
enddocument/afterlastpage (AED): lastpage setting LastPage.
(./main.aux)
 ***********
LaTeX2e <2025-11-01>
L3 programming layer <2025-11-14>
 ***********


LaTeX Warning: There were undefined references.

Package rerunfilecheck Info: File `main.out' has not changed.
(rerunfilecheck)             Checksum: 5D83CDDB997144B9532D5C76006B2B93;5843.

Package biblatex Warning: Please (re)run Biber on the file:
(biblatex)                main
(biblatex)                and rerun LaTeX afterwards.

Package logreq Info: Writing requests to 'main.run.xml'.
\openout1 = `main.run.xml'.

 ) 
Here is how much of TeX's memory you used:
 47122 strings out of 468958
 1046482 string characters out of 5458609
 2246393 words of memory out of 5000000
 74218 multiletter control sequences out of 15000+600000
 644036 words of font info for 82 fonts, out of 8000000 for 9000
 286 hyphenation exceptions out of 8191
 84i,16n,104p,905b,2497s stack positions out of 10000i,1000n,20000p,200000b,200000s
<c:/texlive/2025/texmf-dist/fonts/type1/public/amsfonts/cm/cmmi10.pfb><c:/tex
live/2025/texmf-dist/fonts/type1/public/amsfonts/cm/cmmi7.pfb><c:/texlive/2025/
texmf-dist/fonts/type1/public/amsfonts/cm/cmr10.pfb><c:/texlive/2025/texmf-dist
/fonts/type1/public/amsfonts/cm/cmr7.pfb><c:/texlive/2025/texmf-dist/fonts/type
1/public/amsfonts/cm/cmsy10.pfb><c:/texlive/2025/texmf-dist/fonts/type1/public/
amsfonts/cm/cmsy7.pfb><c:/texlive/2025/texmf-dist/fonts/type1/public/cm-super/s
fbx1000.pfb><c:/texlive/2025/texmf-dist/fonts/type1/public/cm-super/sfbx1200.pf
b><c:/texlive/2025/texmf-dist/fonts/type1/public/cm-super/sfbx1440.pfb><c:/texl
ive/2025/texmf-dist/fonts/type1/public/cm-super/sfbx1728.pfb><c:/texlive/2025/t
exmf-dist/fonts/type1/public/cm-super/sfrm0500.pfb><c:/texlive/2025/texmf-dist/
fonts/type1/public/cm-super/sfrm0900.pfb><c:/texlive/2025/texmf-dist/fonts/type
1/public/cm-super/sfrm1000.pfb><c:/texlive/2025/texmf-dist/fonts/type1/public/c
m-super/sfrm1200.pfb><c:/texlive/2025/texmf-dist/fonts/type1/public/cm-super/sf
ti1000.pfb><c:/texlive/2025/texmf-dist/fonts/type1/public/cm-super/sftt0800.pfb
><c:/texlive/2025/texmf-dist/fonts/type1/public/cm-super/sftt0900.pfb><c:/texli
ve/2025/texmf-dist/fonts/type1/public/cm-super/sftt1000.pfb>
Output written on main.pdf (59 pages, 831476 bytes).
PDF statistics:
 1768 PDF objects out of 2073 (max. 8388607)
 1645 compressed objects within 17 object streams
 1046 named destinations out of 1200 (max. 500000)
 297 words of extra memory for PDF output out of 10000 (max. 10000000)

